Analysis & Synthesis report for multiplier
Tue Feb 13 15:28:39 2018
Quartus II 64-Bit Version 15.0.2 Build 153 07/15/2015 SJ Full Version


---------------------
; Table of Contents ;
---------------------
  1. Legal Notice
  2. Analysis & Synthesis Summary
  3. Analysis & Synthesis Settings
  4. Parallel Compilation
  5. Analysis & Synthesis Source Files Read
  6. Analysis & Synthesis Resource Usage Summary
  7. Analysis & Synthesis Resource Utilization by Entity
  8. State Machine - |multiplier_toplevel|control:control_logic|curr_state
  9. Registers Removed During Synthesis
 10. General Register Statistics
 11. Multiplexer Restructuring Statistics (Restructuring Performed)
 12. Port Connectivity Checks: "adder_9bit:adder|one_bit_ra:FA3"
 13. Post-Synthesis Netlist Statistics for Top Partition
 14. Elapsed Time Per Partition
 15. Analysis & Synthesis Messages
 16. Analysis & Synthesis Suppressed Messages



----------------
; Legal Notice ;
----------------
Copyright (C) 1991-2015 Altera Corporation. All rights reserved.
Your use of Altera Corporation's design tools, logic functions 
and other software and tools, and its AMPP partner logic 
functions, and any output files from any of the foregoing 
(including device programming or simulation files), and any 
associated documentation or information are expressly subject 
to the terms and conditions of the Altera Program License 
Subscription Agreement, the Altera Quartus II License Agreement,
the Altera MegaCore Function License Agreement, or other 
applicable license agreement, including, without limitation, 
that your use is for the sole purpose of programming logic 
devices manufactured by Altera and sold by Altera or its 
authorized distributors.  Please refer to the applicable 
agreement for further details.



+----------------------------------------------------------------------------------+
; Analysis & Synthesis Summary                                                     ;
+------------------------------------+---------------------------------------------+
; Analysis & Synthesis Status        ; Successful - Tue Feb 13 15:28:39 2018       ;
; Quartus II 64-Bit Version          ; 15.0.2 Build 153 07/15/2015 SJ Full Version ;
; Revision Name                      ; multiplier                                  ;
; Top-level Entity Name              ; multiplier_toplevel                         ;
; Family                             ; Cyclone IV E                                ;
; Total logic elements               ; 101                                         ;
;     Total combinational functions  ; 101                                         ;
;     Dedicated logic registers      ; 37                                          ;
; Total registers                    ; 37                                          ;
; Total pins                         ; 61                                          ;
; Total virtual pins                 ; 0                                           ;
; Total memory bits                  ; 0                                           ;
; Embedded Multiplier 9-bit elements ; 0                                           ;
; Total PLLs                         ; 0                                           ;
+------------------------------------+---------------------------------------------+


+-----------------------------------------------------------------------------------------------------------------------+
; Analysis & Synthesis Settings                                                                                         ;
+----------------------------------------------------------------------------+---------------------+--------------------+
; Option                                                                     ; Setting             ; Default Value      ;
+----------------------------------------------------------------------------+---------------------+--------------------+
; Device                                                                     ; EP4CE115F29C7       ;                    ;
; Top-level entity name                                                      ; multiplier_toplevel ; multiplier         ;
; Family name                                                                ; Cyclone IV E        ; Cyclone V          ;
; Use smart compilation                                                      ; Off                 ; Off                ;
; Enable parallel Assembler and TimeQuest Timing Analyzer during compilation ; On                  ; On                 ;
; Enable compact report table                                                ; Off                 ; Off                ;
; Restructure Multiplexers                                                   ; Auto                ; Auto               ;
; Create Debugging Nodes for IP Cores                                        ; Off                 ; Off                ;
; Preserve fewer node names                                                  ; On                  ; On                 ;
; Disable OpenCore Plus hardware evaluation                                  ; Off                 ; Off                ;
; Verilog Version                                                            ; Verilog_2001        ; Verilog_2001       ;
; VHDL Version                                                               ; VHDL_1993           ; VHDL_1993          ;
; State Machine Processing                                                   ; Auto                ; Auto               ;
; Safe State Machine                                                         ; Off                 ; Off                ;
; Extract Verilog State Machines                                             ; On                  ; On                 ;
; Extract VHDL State Machines                                                ; On                  ; On                 ;
; Ignore Verilog initial constructs                                          ; Off                 ; Off                ;
; Iteration limit for constant Verilog loops                                 ; 5000                ; 5000               ;
; Iteration limit for non-constant Verilog loops                             ; 250                 ; 250                ;
; Add Pass-Through Logic to Inferred RAMs                                    ; On                  ; On                 ;
; Infer RAMs from Raw Logic                                                  ; On                  ; On                 ;
; Parallel Synthesis                                                         ; On                  ; On                 ;
; DSP Block Balancing                                                        ; Auto                ; Auto               ;
; NOT Gate Push-Back                                                         ; On                  ; On                 ;
; Power-Up Don't Care                                                        ; On                  ; On                 ;
; Remove Redundant Logic Cells                                               ; Off                 ; Off                ;
; Remove Duplicate Registers                                                 ; On                  ; On                 ;
; Ignore CARRY Buffers                                                       ; Off                 ; Off                ;
; Ignore CASCADE Buffers                                                     ; Off                 ; Off                ;
; Ignore GLOBAL Buffers                                                      ; Off                 ; Off                ;
; Ignore ROW GLOBAL Buffers                                                  ; Off                 ; Off                ;
; Ignore LCELL Buffers                                                       ; Off                 ; Off                ;
; Ignore SOFT Buffers                                                        ; On                  ; On                 ;
; Limit AHDL Integers to 32 Bits                                             ; Off                 ; Off                ;
; Optimization Technique                                                     ; Balanced            ; Balanced           ;
; Carry Chain Length                                                         ; 70                  ; 70                 ;
; Auto Carry Chains                                                          ; On                  ; On                 ;
; Auto Open-Drain Pins                                                       ; On                  ; On                 ;
; Perform WYSIWYG Primitive Resynthesis                                      ; Off                 ; Off                ;
; Auto ROM Replacement                                                       ; On                  ; On                 ;
; Auto RAM Replacement                                                       ; On                  ; On                 ;
; Auto DSP Block Replacement                                                 ; On                  ; On                 ;
; Auto Shift Register Replacement                                            ; Auto                ; Auto               ;
; Allow Shift Register Merging across Hierarchies                            ; Auto                ; Auto               ;
; Auto Clock Enable Replacement                                              ; On                  ; On                 ;
; Strict RAM Replacement                                                     ; Off                 ; Off                ;
; Allow Synchronous Control Signals                                          ; On                  ; On                 ;
; Force Use of Synchronous Clear Signals                                     ; Off                 ; Off                ;
; Auto RAM Block Balancing                                                   ; On                  ; On                 ;
; Auto RAM to Logic Cell Conversion                                          ; Off                 ; Off                ;
; Auto Resource Sharing                                                      ; Off                 ; Off                ;
; Allow Any RAM Size For Recognition                                         ; Off                 ; Off                ;
; Allow Any ROM Size For Recognition                                         ; Off                 ; Off                ;
; Allow Any Shift Register Size For Recognition                              ; Off                 ; Off                ;
; Use LogicLock Constraints during Resource Balancing                        ; On                  ; On                 ;
; Ignore translate_off and synthesis_off directives                          ; Off                 ; Off                ;
; Timing-Driven Synthesis                                                    ; On                  ; On                 ;
; Report Parameter Settings                                                  ; On                  ; On                 ;
; Report Source Assignments                                                  ; On                  ; On                 ;
; Report Connectivity Checks                                                 ; On                  ; On                 ;
; Ignore Maximum Fan-Out Assignments                                         ; Off                 ; Off                ;
; Synchronization Register Chain Length                                      ; 2                   ; 2                  ;
; PowerPlay Power Optimization During Synthesis                              ; Normal compilation  ; Normal compilation ;
; HDL message level                                                          ; Level2              ; Level2             ;
; Suppress Register Optimization Related Messages                            ; Off                 ; Off                ;
; Number of Removed Registers Reported in Synthesis Report                   ; 5000                ; 5000               ;
; Number of Swept Nodes Reported in Synthesis Report                         ; 5000                ; 5000               ;
; Number of Inverted Registers Reported in Synthesis Report                  ; 100                 ; 100                ;
; Clock MUX Protection                                                       ; On                  ; On                 ;
; Auto Gated Clock Conversion                                                ; Off                 ; Off                ;
; Block Design Naming                                                        ; Auto                ; Auto               ;
; SDC constraint protection                                                  ; Off                 ; Off                ;
; Synthesis Effort                                                           ; Auto                ; Auto               ;
; Shift Register Replacement - Allow Asynchronous Clear Signal               ; On                  ; On                 ;
; Pre-Mapping Resynthesis Optimization                                       ; Off                 ; Off                ;
; Analysis & Synthesis Message Level                                         ; Medium              ; Medium             ;
; Disable Register Merging Across Hierarchies                                ; Auto                ; Auto               ;
; Resource Aware Inference For Block RAM                                     ; On                  ; On                 ;
; Synthesis Seed                                                             ; 1                   ; 1                  ;
+----------------------------------------------------------------------------+---------------------+--------------------+


+------------------------------------------+
; Parallel Compilation                     ;
+----------------------------+-------------+
; Processors                 ; Number      ;
+----------------------------+-------------+
; Number detected on machine ; 4           ;
; Maximum allowed            ; 4           ;
;                            ;             ;
; Average used               ; 1.00        ;
; Maximum used               ; 1           ;
;                            ;             ;
; Usage by Processor         ; % Time Used ;
;     Processor 1            ; 100.0%      ;
;     Processors 2-4         ;   0.0%      ;
+----------------------------+-------------+


+-------------------------------------------------------------------------------------------------------------------------------------+
; Analysis & Synthesis Source Files Read                                                                                              ;
+----------------------------------+-----------------+------------------------------+---------------------------------------+---------+
; File Name with User-Entered Path ; Used in Netlist ; File Type                    ; File Name with Absolute Path          ; Library ;
+----------------------------------+-----------------+------------------------------+---------------------------------------+---------+
; HexDriver.sv                     ; yes             ; User SystemVerilog HDL File  ; U:/ece385_lab5/HexDriver.sv           ;         ;
; multiplier_toplevel.sv           ; yes             ; User SystemVerilog HDL File  ; U:/ece385_lab5/multiplier_toplevel.sv ;         ;
; register.sv                      ; yes             ; User SystemVerilog HDL File  ; U:/ece385_lab5/register.sv            ;         ;
; adder.sv                         ; yes             ; User SystemVerilog HDL File  ; U:/ece385_lab5/adder.sv               ;         ;
; Control.sv                       ; yes             ; User SystemVerilog HDL File  ; U:/ece385_lab5/Control.sv             ;         ;
; d_flipflop.sv                    ; yes             ; User SystemVerilog HDL File  ; U:/ece385_lab5/d_flipflop.sv          ;         ;
+----------------------------------+-----------------+------------------------------+---------------------------------------+---------+


+---------------------------------------------------------+
; Analysis & Synthesis Resource Usage Summary             ;
+---------------------------------------------+-----------+
; Resource                                    ; Usage     ;
+---------------------------------------------+-----------+
; Estimated Total logic elements              ; 101       ;
;                                             ;           ;
; Total combinational functions               ; 101       ;
; Logic element usage by number of LUT inputs ;           ;
;     -- 4 input functions                    ; 67        ;
;     -- 3 input functions                    ; 32        ;
;     -- <=2 input functions                  ; 2         ;
;                                             ;           ;
; Logic elements by mode                      ;           ;
;     -- normal mode                          ; 101       ;
;     -- arithmetic mode                      ; 0         ;
;                                             ;           ;
; Total registers                             ; 37        ;
;     -- Dedicated logic registers            ; 37        ;
;     -- I/O registers                        ; 0         ;
;                                             ;           ;
; I/O pins                                    ; 61        ;
;                                             ;           ;
; Embedded Multiplier 9-bit elements          ; 0         ;
;                                             ;           ;
; Maximum fan-out node                        ; Clk~input ;
; Maximum fan-out                             ; 37        ;
; Total fan-out                               ; 571       ;
; Average fan-out                             ; 2.20      ;
+---------------------------------------------+-----------+


+------------------------------------------------------------------------------------------------------------------------------------------------------------------------------------------------------------------------------+
; Analysis & Synthesis Resource Utilization by Entity                                                                                                                                                                          ;
+----------------------------+-------------------+--------------+-------------+--------------+---------+-----------+------+--------------+----------------------------------------------------------------------+--------------+
; Compilation Hierarchy Node ; LC Combinationals ; LC Registers ; Memory Bits ; DSP Elements ; DSP 9x9 ; DSP 18x18 ; Pins ; Virtual Pins ; Full Hierarchy Name                                                  ; Library Name ;
+----------------------------+-------------------+--------------+-------------+--------------+---------+-----------+------+--------------+----------------------------------------------------------------------+--------------+
; |multiplier_toplevel       ; 101 (1)           ; 37 (0)       ; 0           ; 0            ; 0       ; 0         ; 61   ; 0            ; |multiplier_toplevel                                                 ; work         ;
;    |D_FF:d_ff|             ; 1 (1)             ; 1 (1)        ; 0           ; 0            ; 0       ; 0         ; 0    ; 0            ; |multiplier_toplevel|D_FF:d_ff                                       ; work         ;
;    |HexDriver:HexAL|       ; 7 (7)             ; 0 (0)        ; 0           ; 0            ; 0       ; 0         ; 0    ; 0            ; |multiplier_toplevel|HexDriver:HexAL                                 ; work         ;
;    |HexDriver:HexAU|       ; 7 (7)             ; 0 (0)        ; 0           ; 0            ; 0       ; 0         ; 0    ; 0            ; |multiplier_toplevel|HexDriver:HexAU                                 ; work         ;
;    |HexDriver:HexBL|       ; 7 (7)             ; 0 (0)        ; 0           ; 0            ; 0       ; 0         ; 0    ; 0            ; |multiplier_toplevel|HexDriver:HexBL                                 ; work         ;
;    |HexDriver:HexBU|       ; 7 (7)             ; 0 (0)        ; 0           ; 0            ; 0       ; 0         ; 0    ; 0            ; |multiplier_toplevel|HexDriver:HexBU                                 ; work         ;
;    |adder_9bit:adder|      ; 25 (0)            ; 0 (0)        ; 0           ; 0            ; 0       ; 0         ; 0    ; 0            ; |multiplier_toplevel|adder_9bit:adder                                ; work         ;
;       |OP_inverter:xor1|   ; 8 (8)             ; 0 (0)        ; 0           ; 0            ; 0       ; 0         ; 0    ; 0            ; |multiplier_toplevel|adder_9bit:adder|OP_inverter:xor1               ; work         ;
;       |four_bit_ra:FA0|    ; 8 (0)             ; 0 (0)        ; 0           ; 0            ; 0       ; 0         ; 0    ; 0            ; |multiplier_toplevel|adder_9bit:adder|four_bit_ra:FA0                ; work         ;
;          |one_bit_ra:fa0|  ; 2 (2)             ; 0 (0)        ; 0           ; 0            ; 0       ; 0         ; 0    ; 0            ; |multiplier_toplevel|adder_9bit:adder|four_bit_ra:FA0|one_bit_ra:fa0 ; work         ;
;          |one_bit_ra:fa1|  ; 2 (2)             ; 0 (0)        ; 0           ; 0            ; 0       ; 0         ; 0    ; 0            ; |multiplier_toplevel|adder_9bit:adder|four_bit_ra:FA0|one_bit_ra:fa1 ; work         ;
;          |one_bit_ra:fa2|  ; 2 (2)             ; 0 (0)        ; 0           ; 0            ; 0       ; 0         ; 0    ; 0            ; |multiplier_toplevel|adder_9bit:adder|four_bit_ra:FA0|one_bit_ra:fa2 ; work         ;
;          |one_bit_ra:fa3|  ; 2 (2)             ; 0 (0)        ; 0           ; 0            ; 0       ; 0         ; 0    ; 0            ; |multiplier_toplevel|adder_9bit:adder|four_bit_ra:FA0|one_bit_ra:fa3 ; work         ;
;       |four_bit_ra:FA1|    ; 8 (0)             ; 0 (0)        ; 0           ; 0            ; 0       ; 0         ; 0    ; 0            ; |multiplier_toplevel|adder_9bit:adder|four_bit_ra:FA1                ; work         ;
;          |one_bit_ra:fa0|  ; 2 (2)             ; 0 (0)        ; 0           ; 0            ; 0       ; 0         ; 0    ; 0            ; |multiplier_toplevel|adder_9bit:adder|four_bit_ra:FA1|one_bit_ra:fa0 ; work         ;
;          |one_bit_ra:fa1|  ; 2 (2)             ; 0 (0)        ; 0           ; 0            ; 0       ; 0         ; 0    ; 0            ; |multiplier_toplevel|adder_9bit:adder|four_bit_ra:FA1|one_bit_ra:fa1 ; work         ;
;          |one_bit_ra:fa2|  ; 2 (2)             ; 0 (0)        ; 0           ; 0            ; 0       ; 0         ; 0    ; 0            ; |multiplier_toplevel|adder_9bit:adder|four_bit_ra:FA1|one_bit_ra:fa2 ; work         ;
;          |one_bit_ra:fa3|  ; 2 (2)             ; 0 (0)        ; 0           ; 0            ; 0       ; 0         ; 0    ; 0            ; |multiplier_toplevel|adder_9bit:adder|four_bit_ra:FA1|one_bit_ra:fa3 ; work         ;
;       |one_bit_ra:FA3|     ; 1 (1)             ; 0 (0)        ; 0           ; 0            ; 0       ; 0         ; 0    ; 0            ; |multiplier_toplevel|adder_9bit:adder|one_bit_ra:FA3                 ; work         ;
;    |control:control_logic| ; 28 (28)           ; 20 (20)      ; 0           ; 0            ; 0       ; 0         ; 0    ; 0            ; |multiplier_toplevel|control:control_logic                           ; work         ;
;    |register:RegA|         ; 9 (9)             ; 8 (8)        ; 0           ; 0            ; 0       ; 0         ; 0    ; 0            ; |multiplier_toplevel|register:RegA                                   ; work         ;
;    |register:RegB|         ; 9 (9)             ; 8 (8)        ; 0           ; 0            ; 0       ; 0         ; 0    ; 0            ; |multiplier_toplevel|register:RegB                                   ; work         ;
+----------------------------+-------------------+--------------+-------------+--------------+---------+-----------+------+--------------+----------------------------------------------------------------------+--------------+
Note: For table entries with two numbers listed, the numbers in parentheses indicate the number of resources of the given type used by the specific entity alone. The numbers listed outside of parentheses indicate the total resources of the given type used by the specific entity and all of its sub-entities in the hierarchy.


Encoding Type:  One-Hot
+-----------------------------------------------------------------------------------------------------------------------------------------------------------------------------------------------------------------------------------------------------------------------------------------------------------------------------------------------------------+
; State Machine - |multiplier_toplevel|control:control_logic|curr_state                                                                                                                                                                                                                                                                                     ;
+------------------+-----------------+----------------+--------------+----------------+--------------+----------------+--------------+----------------+--------------+----------------+--------------+----------------+--------------+----------------+--------------+----------------+--------------+----------------+------------------+------------------+
; Name             ; curr_state.halt ; curr_state.H_M ; curr_state.H ; curr_state.G_P ; curr_state.G ; curr_state.F_P ; curr_state.F ; curr_state.E_P ; curr_state.E ; curr_state.D_P ; curr_state.D ; curr_state.C_P ; curr_state.C ; curr_state.B_P ; curr_state.B ; curr_state.A_P ; curr_state.A ; curr_state.CLA ; curr_state.CA_LB ; curr_state.start ;
+------------------+-----------------+----------------+--------------+----------------+--------------+----------------+--------------+----------------+--------------+----------------+--------------+----------------+--------------+----------------+--------------+----------------+--------------+----------------+------------------+------------------+
; curr_state.start ; 0               ; 0              ; 0            ; 0              ; 0            ; 0              ; 0            ; 0              ; 0            ; 0              ; 0            ; 0              ; 0            ; 0              ; 0            ; 0              ; 0            ; 0              ; 0                ; 0                ;
; curr_state.CA_LB ; 0               ; 0              ; 0            ; 0              ; 0            ; 0              ; 0            ; 0              ; 0            ; 0              ; 0            ; 0              ; 0            ; 0              ; 0            ; 0              ; 0            ; 0              ; 1                ; 1                ;
; curr_state.CLA   ; 0               ; 0              ; 0            ; 0              ; 0            ; 0              ; 0            ; 0              ; 0            ; 0              ; 0            ; 0              ; 0            ; 0              ; 0            ; 0              ; 0            ; 1              ; 0                ; 1                ;
; curr_state.A     ; 0               ; 0              ; 0            ; 0              ; 0            ; 0              ; 0            ; 0              ; 0            ; 0              ; 0            ; 0              ; 0            ; 0              ; 0            ; 0              ; 1            ; 0              ; 0                ; 1                ;
; curr_state.A_P   ; 0               ; 0              ; 0            ; 0              ; 0            ; 0              ; 0            ; 0              ; 0            ; 0              ; 0            ; 0              ; 0            ; 0              ; 0            ; 1              ; 0            ; 0              ; 0                ; 1                ;
; curr_state.B     ; 0               ; 0              ; 0            ; 0              ; 0            ; 0              ; 0            ; 0              ; 0            ; 0              ; 0            ; 0              ; 0            ; 0              ; 1            ; 0              ; 0            ; 0              ; 0                ; 1                ;
; curr_state.B_P   ; 0               ; 0              ; 0            ; 0              ; 0            ; 0              ; 0            ; 0              ; 0            ; 0              ; 0            ; 0              ; 0            ; 1              ; 0            ; 0              ; 0            ; 0              ; 0                ; 1                ;
; curr_state.C     ; 0               ; 0              ; 0            ; 0              ; 0            ; 0              ; 0            ; 0              ; 0            ; 0              ; 0            ; 0              ; 1            ; 0              ; 0            ; 0              ; 0            ; 0              ; 0                ; 1                ;
; curr_state.C_P   ; 0               ; 0              ; 0            ; 0              ; 0            ; 0              ; 0            ; 0              ; 0            ; 0              ; 0            ; 1              ; 0            ; 0              ; 0            ; 0              ; 0            ; 0              ; 0                ; 1                ;
; curr_state.D     ; 0               ; 0              ; 0            ; 0              ; 0            ; 0              ; 0            ; 0              ; 0            ; 0              ; 1            ; 0              ; 0            ; 0              ; 0            ; 0              ; 0            ; 0              ; 0                ; 1                ;
; curr_state.D_P   ; 0               ; 0              ; 0            ; 0              ; 0            ; 0              ; 0            ; 0              ; 0            ; 1              ; 0            ; 0              ; 0            ; 0              ; 0            ; 0              ; 0            ; 0              ; 0                ; 1                ;
; curr_state.E     ; 0               ; 0              ; 0            ; 0              ; 0            ; 0              ; 0            ; 0              ; 1            ; 0              ; 0            ; 0              ; 0            ; 0              ; 0            ; 0              ; 0            ; 0              ; 0                ; 1                ;
; curr_state.E_P   ; 0               ; 0              ; 0            ; 0              ; 0            ; 0              ; 0            ; 1              ; 0            ; 0              ; 0            ; 0              ; 0            ; 0              ; 0            ; 0              ; 0            ; 0              ; 0                ; 1                ;
; curr_state.F     ; 0               ; 0              ; 0            ; 0              ; 0            ; 0              ; 1            ; 0              ; 0            ; 0              ; 0            ; 0              ; 0            ; 0              ; 0            ; 0              ; 0            ; 0              ; 0                ; 1                ;
; curr_state.F_P   ; 0               ; 0              ; 0            ; 0              ; 0            ; 1              ; 0            ; 0              ; 0            ; 0              ; 0            ; 0              ; 0            ; 0              ; 0            ; 0              ; 0            ; 0              ; 0                ; 1                ;
; curr_state.G     ; 0               ; 0              ; 0            ; 0              ; 1            ; 0              ; 0            ; 0              ; 0            ; 0              ; 0            ; 0              ; 0            ; 0              ; 0            ; 0              ; 0            ; 0              ; 0                ; 1                ;
; curr_state.G_P   ; 0               ; 0              ; 0            ; 1              ; 0            ; 0              ; 0            ; 0              ; 0            ; 0              ; 0            ; 0              ; 0            ; 0              ; 0            ; 0              ; 0            ; 0              ; 0                ; 1                ;
; curr_state.H     ; 0               ; 0              ; 1            ; 0              ; 0            ; 0              ; 0            ; 0              ; 0            ; 0              ; 0            ; 0              ; 0            ; 0              ; 0            ; 0              ; 0            ; 0              ; 0                ; 1                ;
; curr_state.H_M   ; 0               ; 1              ; 0            ; 0              ; 0            ; 0              ; 0            ; 0              ; 0            ; 0              ; 0            ; 0              ; 0            ; 0              ; 0            ; 0              ; 0            ; 0              ; 0                ; 1                ;
; curr_state.halt  ; 1               ; 0              ; 0            ; 0              ; 0            ; 0              ; 0            ; 0              ; 0            ; 0              ; 0            ; 0              ; 0            ; 0              ; 0            ; 0              ; 0            ; 0              ; 0                ; 1                ;
+------------------+-----------------+----------------+--------------+----------------+--------------+----------------+--------------+----------------+--------------+----------------+--------------+----------------+--------------+----------------+--------------+----------------+--------------+----------------+------------------+------------------+


+------------------------------------------------------------+
; Registers Removed During Synthesis                         ;
+---------------------------------------+--------------------+
; Register name                         ; Reason for Removal ;
+---------------------------------------+--------------------+
; control:control_logic|curr_state~2    ; Lost fanout        ;
; control:control_logic|curr_state~3    ; Lost fanout        ;
; control:control_logic|curr_state~4    ; Lost fanout        ;
; control:control_logic|curr_state~5    ; Lost fanout        ;
; control:control_logic|curr_state~6    ; Lost fanout        ;
; Total Number of Removed Registers = 5 ;                    ;
+---------------------------------------+--------------------+


+------------------------------------------------------+
; General Register Statistics                          ;
+----------------------------------------------+-------+
; Statistic                                    ; Value ;
+----------------------------------------------+-------+
; Total registers                              ; 37    ;
; Number of registers using Synchronous Clear  ; 1     ;
; Number of registers using Synchronous Load   ; 1     ;
; Number of registers using Asynchronous Clear ; 0     ;
; Number of registers using Asynchronous Load  ; 0     ;
; Number of registers using Clock Enable       ; 16    ;
; Number of registers using Preset             ; 0     ;
+----------------------------------------------+-------+


+---------------------------------------------------------------------------------------------------------------------------------------------------------------------+
; Multiplexer Restructuring Statistics (Restructuring Performed)                                                                                                      ;
+--------------------+-----------+---------------+----------------------+------------------------+------------+-------------------------------------------------------+
; Multiplexer Inputs ; Bus Width ; Baseline Area ; Area if Restructured ; Saving if Restructured ; Registered ; Example Multiplexer Output                            ;
+--------------------+-----------+---------------+----------------------+------------------------+------------+-------------------------------------------------------+
; 4:1                ; 8 bits    ; 16 LEs        ; 16 LEs               ; 0 LEs                  ; Yes        ; |multiplier_toplevel|register:RegB|Data_Out[3]        ;
; 4:1                ; 8 bits    ; 16 LEs        ; 16 LEs               ; 0 LEs                  ; Yes        ; |multiplier_toplevel|register:RegA|Data_Out[3]        ;
; 3:1                ; 18 bits   ; 36 LEs        ; 36 LEs               ; 0 LEs                  ; No         ; |multiplier_toplevel|control:control_logic|curr_state ;
+--------------------+-----------+---------------+----------------------+------------------------+------------+-------------------------------------------------------+


+-------------------------------------------------------------------------------------------------------------------------------------+
; Port Connectivity Checks: "adder_9bit:adder|one_bit_ra:FA3"                                                                         ;
+------+--------+----------+----------------------------------------------------------------------------------------------------------+
; Port ; Type   ; Severity ; Details                                                                                                  ;
+------+--------+----------+----------------------------------------------------------------------------------------------------------+
; cout ; Output ; Warning  ; Declared by entity but not connected by instance. Logic that only feeds a dangling port will be removed. ;
+------+--------+----------+----------------------------------------------------------------------------------------------------------+


+-----------------------------------------------------+
; Post-Synthesis Netlist Statistics for Top Partition ;
+-----------------------+-----------------------------+
; Type                  ; Count                       ;
+-----------------------+-----------------------------+
; boundary_port         ; 61                          ;
; cycloneiii_ff         ; 37                          ;
;     ENA               ; 15                          ;
;     ENA SCLR SLD      ; 1                           ;
;     plain             ; 21                          ;
; cycloneiii_lcell_comb ; 107                         ;
;     normal            ; 107                         ;
;         1 data inputs ; 6                           ;
;         2 data inputs ; 2                           ;
;         3 data inputs ; 32                          ;
;         4 data inputs ; 67                          ;
;                       ;                             ;
; Max LUT depth         ; 11.00                       ;
; Average LUT depth     ; 4.02                        ;
+-----------------------+-----------------------------+


+-------------------------------+
; Elapsed Time Per Partition    ;
+----------------+--------------+
; Partition Name ; Elapsed Time ;
+----------------+--------------+
; Top            ; 00:00:01     ;
+----------------+--------------+


+-------------------------------+
; Analysis & Synthesis Messages ;
+-------------------------------+
Info: *******************************************************************
Info: Running Quartus II 64-Bit Analysis & Synthesis
    Info: Version 15.0.2 Build 153 07/15/2015 SJ Full Version
    Info: Processing started: Tue Feb 13 15:28:28 2018
Info: Command: quartus_map --read_settings_files=on --write_settings_files=off multiplier -c multiplier
Info (20030): Parallel compilation is enabled and will use 4 of the 4 processors detected
Info (12021): Found 1 design units, including 1 entities, in source file testbench.sv
    Info (12023): Found entity 1: testbench
Info (12021): Found 3 design units, including 3 entities, in source file synchronizers.sv
    Info (12023): Found entity 1: sync
    Info (12023): Found entity 2: sync_r0
    Info (12023): Found entity 3: sync_r1
Info (12021): Found 1 design units, including 1 entities, in source file hexdriver.sv
    Info (12023): Found entity 1: HexDriver
Info (12021): Found 1 design units, including 1 entities, in source file multiplier_toplevel.sv
    Info (12023): Found entity 1: multiplier_toplevel
Info (12021): Found 1 design units, including 1 entities, in source file register.sv
    Info (12023): Found entity 1: register
Info (12021): Found 4 design units, including 4 entities, in source file adder.sv
    Info (12023): Found entity 1: adder_9bit
    Info (12023): Found entity 2: OP_inverter
    Info (12023): Found entity 3: four_bit_ra
    Info (12023): Found entity 4: one_bit_ra
Info (12021): Found 1 design units, including 1 entities, in source file control.sv
    Info (12023): Found entity 1: control
Info (12021): Found 1 design units, including 1 entities, in source file d_flipflop.sv
    Info (12023): Found entity 1: D_FF
Info (12127): Elaborating entity "multiplier_toplevel" for the top level hierarchy
Info (12128): Elaborating entity "register" for hierarchy "register:RegA"
Info (12128): Elaborating entity "adder_9bit" for hierarchy "adder_9bit:adder"
Info (12128): Elaborating entity "OP_inverter" for hierarchy "adder_9bit:adder|OP_inverter:xor1"
Info (12128): Elaborating entity "four_bit_ra" for hierarchy "adder_9bit:adder|four_bit_ra:FA0"
Info (12128): Elaborating entity "one_bit_ra" for hierarchy "adder_9bit:adder|four_bit_ra:FA0|one_bit_ra:fa0"
Info (12128): Elaborating entity "D_FF" for hierarchy "D_FF:d_ff"
Info (12128): Elaborating entity "control" for hierarchy "control:control_logic"
Info (10264): Verilog HDL Case Statement information at Control.sv(71): all case item expressions in this case statement are onehot
Info (12128): Elaborating entity "HexDriver" for hierarchy "HexDriver:HexAL"
Warning (12241): 1 hierarchies have connectivity warnings - see the Connectivity Checks report folder
Info (286030): Timing-Driven Synthesis is running
Info (17049): 5 registers lost all their fanouts during netlist optimizations.
Info (144001): Generated suppressed messages file U:/ece385_lab5/output_files/multiplier.map.smsg
Info (16010): Generating hard_block partition "hard_block:auto_generated_inst"
    Info (16011): Adding 0 node(s), including 0 DDIO, 0 PLL, 0 transceiver and 0 LCELL
Info (21057): Implemented 162 device resources after synthesis - the final resource count might be different
    Info (21058): Implemented 12 input pins
    Info (21059): Implemented 49 output pins
    Info (21061): Implemented 101 logic cells
Info: Quartus II 64-Bit Analysis & Synthesis was successful. 0 errors, 1 warning
    Info: Peak virtual memory: 692 megabytes
    Info: Processing ended: Tue Feb 13 15:28:39 2018
    Info: Elapsed time: 00:00:11
    Info: Total CPU time (on all processors): 00:00:18


+------------------------------------------+
; Analysis & Synthesis Suppressed Messages ;
+------------------------------------------+
The suppressed messages can be found in U:/ece385_lab5/output_files/multiplier.map.smsg.


