Analysis & Synthesis report for SLC3
Thu Mar 08 15:58:46 2018
Quartus II 64-Bit Version 15.0.2 Build 153 07/15/2015 SJ Full Version


---------------------
; Table of Contents ;
---------------------
  1. Legal Notice
  2. Analysis & Synthesis Summary
  3. Analysis & Synthesis Settings
  4. Parallel Compilation
  5. Analysis & Synthesis Source Files Read
  6. Analysis & Synthesis Resource Usage Summary
  7. Analysis & Synthesis Resource Utilization by Entity
  8. State Machine - |lab6_toplevel|slc3:my_slc|ISDU:state_controller|State
  9. Registers Removed During Synthesis
 10. General Register Statistics
 11. Multiplexer Restructuring Statistics (Restructuring Performed)
 12. Parameter Settings for User Entity Instance: slc3:my_slc|datapath:d0|pc_module:pc|register:pc
 13. Parameter Settings for User Entity Instance: slc3:my_slc|datapath:d0|pc_module:pc|mux4:pcmux
 14. Parameter Settings for User Entity Instance: slc3:my_slc|datapath:d0|register:mar
 15. Parameter Settings for User Entity Instance: slc3:my_slc|datapath:d0|mdr_module:mdr|mux4:mdrmux
 16. Parameter Settings for User Entity Instance: slc3:my_slc|datapath:d0|mdr_module:mdr|register:mdr
 17. Parameter Settings for User Entity Instance: slc3:my_slc|datapath:d0|register:ir
 18. Parameter Settings for User Entity Instance: slc3:my_slc|datapath:d0|register_module:reg_file|mux4:DR_MUX
 19. Parameter Settings for User Entity Instance: slc3:my_slc|datapath:d0|register_module:reg_file|mux4:SR1_MUX
 20. Parameter Settings for User Entity Instance: slc3:my_slc|datapath:d0|mux4:sr2mux
 21. Parameter Settings for User Entity Instance: slc3:my_slc|datapath:d0|mux4:addr2mux
 22. Parameter Settings for User Entity Instance: slc3:my_slc|datapath:d0|mux4:addr1mux
 23. Parameter Settings for User Entity Instance: slc3:my_slc|datapath:d0|register:led
 24. Parameter Settings for User Entity Instance: slc3:my_slc|tristate:tr0
 25. Parameter Settings for User Entity Instance: test_memory:my_test_memory
 26. Parameter Settings for User Entity Instance: test_memory:my_test_memory|memory_parser:parser
 27. Port Connectivity Checks: "slc3:my_slc|Mem2IO:memory_subsystem"
 28. Port Connectivity Checks: "slc3:my_slc|datapath:d0|mux4:addr1mux"
 29. Port Connectivity Checks: "slc3:my_slc|datapath:d0|mux4:addr2mux"
 30. Port Connectivity Checks: "slc3:my_slc|datapath:d0|mux4:sr2mux"
 31. Port Connectivity Checks: "slc3:my_slc|datapath:d0|register_module:reg_file|mux4:SR1_MUX"
 32. Port Connectivity Checks: "slc3:my_slc|datapath:d0|register_module:reg_file|mux4:DR_MUX"
 33. Port Connectivity Checks: "slc3:my_slc|datapath:d0|mdr_module:mdr|mux4:mdrmux"
 34. Port Connectivity Checks: "slc3:my_slc|datapath:d0|pc_module:pc|mux4:pcmux"
 35. Port Connectivity Checks: "slc3:my_slc|datapath:d0"
 36. Post-Synthesis Netlist Statistics for Top Partition
 37. Elapsed Time Per Partition
 38. Analysis & Synthesis Messages
 39. Analysis & Synthesis Suppressed Messages



----------------
; Legal Notice ;
----------------
Copyright (C) 1991-2015 Altera Corporation. All rights reserved.
Your use of Altera Corporation's design tools, logic functions 
and other software and tools, and its AMPP partner logic 
functions, and any output files from any of the foregoing 
(including device programming or simulation files), and any 
associated documentation or information are expressly subject 
to the terms and conditions of the Altera Program License 
Subscription Agreement, the Altera Quartus II License Agreement,
the Altera MegaCore Function License Agreement, or other 
applicable license agreement, including, without limitation, 
that your use is for the sole purpose of programming logic 
devices manufactured by Altera and sold by Altera or its 
authorized distributors.  Please refer to the applicable 
agreement for further details.



+----------------------------------------------------------------------------------+
; Analysis & Synthesis Summary                                                     ;
+------------------------------------+---------------------------------------------+
; Analysis & Synthesis Status        ; Successful - Thu Mar 08 15:58:46 2018       ;
; Quartus II 64-Bit Version          ; 15.0.2 Build 153 07/15/2015 SJ Full Version ;
; Revision Name                      ; SLC3                                        ;
; Top-level Entity Name              ; lab6_toplevel                               ;
; Family                             ; Cyclone IV E                                ;
; Total logic elements               ; 749                                         ;
;     Total combinational functions  ; 684                                         ;
;     Dedicated logic registers      ; 304                                         ;
; Total registers                    ; 304                                         ;
; Total pins                         ; 129                                         ;
; Total virtual pins                 ; 0                                           ;
; Total memory bits                  ; 0                                           ;
; Embedded Multiplier 9-bit elements ; 0                                           ;
; Total PLLs                         ; 0                                           ;
+------------------------------------+---------------------------------------------+


+----------------------------------------------------------------------------------------------------------------------+
; Analysis & Synthesis Settings                                                                                        ;
+----------------------------------------------------------------------------+--------------------+--------------------+
; Option                                                                     ; Setting            ; Default Value      ;
+----------------------------------------------------------------------------+--------------------+--------------------+
; Device                                                                     ; EP4CE115F29C7      ;                    ;
; Top-level entity name                                                      ; lab6_toplevel      ; SLC3               ;
; Family name                                                                ; Cyclone IV E       ; Cyclone V          ;
; Use smart compilation                                                      ; Off                ; Off                ;
; Enable parallel Assembler and TimeQuest Timing Analyzer during compilation ; On                 ; On                 ;
; Enable compact report table                                                ; Off                ; Off                ;
; Restructure Multiplexers                                                   ; Auto               ; Auto               ;
; Create Debugging Nodes for IP Cores                                        ; Off                ; Off                ;
; Preserve fewer node names                                                  ; On                 ; On                 ;
; Disable OpenCore Plus hardware evaluation                                  ; Off                ; Off                ;
; Verilog Version                                                            ; Verilog_2001       ; Verilog_2001       ;
; VHDL Version                                                               ; VHDL_1993          ; VHDL_1993          ;
; State Machine Processing                                                   ; Auto               ; Auto               ;
; Safe State Machine                                                         ; Off                ; Off                ;
; Extract Verilog State Machines                                             ; On                 ; On                 ;
; Extract VHDL State Machines                                                ; On                 ; On                 ;
; Ignore Verilog initial constructs                                          ; Off                ; Off                ;
; Iteration limit for constant Verilog loops                                 ; 5000               ; 5000               ;
; Iteration limit for non-constant Verilog loops                             ; 250                ; 250                ;
; Add Pass-Through Logic to Inferred RAMs                                    ; On                 ; On                 ;
; Infer RAMs from Raw Logic                                                  ; On                 ; On                 ;
; Parallel Synthesis                                                         ; On                 ; On                 ;
; DSP Block Balancing                                                        ; Auto               ; Auto               ;
; NOT Gate Push-Back                                                         ; On                 ; On                 ;
; Power-Up Don't Care                                                        ; On                 ; On                 ;
; Remove Redundant Logic Cells                                               ; Off                ; Off                ;
; Remove Duplicate Registers                                                 ; On                 ; On                 ;
; Ignore CARRY Buffers                                                       ; Off                ; Off                ;
; Ignore CASCADE Buffers                                                     ; Off                ; Off                ;
; Ignore GLOBAL Buffers                                                      ; Off                ; Off                ;
; Ignore ROW GLOBAL Buffers                                                  ; Off                ; Off                ;
; Ignore LCELL Buffers                                                       ; Off                ; Off                ;
; Ignore SOFT Buffers                                                        ; On                 ; On                 ;
; Limit AHDL Integers to 32 Bits                                             ; Off                ; Off                ;
; Optimization Technique                                                     ; Balanced           ; Balanced           ;
; Carry Chain Length                                                         ; 70                 ; 70                 ;
; Auto Carry Chains                                                          ; On                 ; On                 ;
; Auto Open-Drain Pins                                                       ; On                 ; On                 ;
; Perform WYSIWYG Primitive Resynthesis                                      ; Off                ; Off                ;
; Auto ROM Replacement                                                       ; On                 ; On                 ;
; Auto RAM Replacement                                                       ; On                 ; On                 ;
; Auto DSP Block Replacement                                                 ; On                 ; On                 ;
; Auto Shift Register Replacement                                            ; Auto               ; Auto               ;
; Allow Shift Register Merging across Hierarchies                            ; Auto               ; Auto               ;
; Auto Clock Enable Replacement                                              ; On                 ; On                 ;
; Strict RAM Replacement                                                     ; Off                ; Off                ;
; Allow Synchronous Control Signals                                          ; On                 ; On                 ;
; Force Use of Synchronous Clear Signals                                     ; Off                ; Off                ;
; Auto RAM Block Balancing                                                   ; On                 ; On                 ;
; Auto RAM to Logic Cell Conversion                                          ; Off                ; Off                ;
; Auto Resource Sharing                                                      ; Off                ; Off                ;
; Allow Any RAM Size For Recognition                                         ; Off                ; Off                ;
; Allow Any ROM Size For Recognition                                         ; Off                ; Off                ;
; Allow Any Shift Register Size For Recognition                              ; Off                ; Off                ;
; Use LogicLock Constraints during Resource Balancing                        ; On                 ; On                 ;
; Ignore translate_off and synthesis_off directives                          ; Off                ; Off                ;
; Timing-Driven Synthesis                                                    ; On                 ; On                 ;
; Report Parameter Settings                                                  ; On                 ; On                 ;
; Report Source Assignments                                                  ; On                 ; On                 ;
; Report Connectivity Checks                                                 ; On                 ; On                 ;
; Ignore Maximum Fan-Out Assignments                                         ; Off                ; Off                ;
; Synchronization Register Chain Length                                      ; 2                  ; 2                  ;
; PowerPlay Power Optimization During Synthesis                              ; Normal compilation ; Normal compilation ;
; HDL message level                                                          ; Level2             ; Level2             ;
; Suppress Register Optimization Related Messages                            ; Off                ; Off                ;
; Number of Removed Registers Reported in Synthesis Report                   ; 5000               ; 5000               ;
; Number of Swept Nodes Reported in Synthesis Report                         ; 5000               ; 5000               ;
; Number of Inverted Registers Reported in Synthesis Report                  ; 100                ; 100                ;
; Clock MUX Protection                                                       ; On                 ; On                 ;
; Auto Gated Clock Conversion                                                ; Off                ; Off                ;
; Block Design Naming                                                        ; Auto               ; Auto               ;
; SDC constraint protection                                                  ; Off                ; Off                ;
; Synthesis Effort                                                           ; Auto               ; Auto               ;
; Shift Register Replacement - Allow Asynchronous Clear Signal               ; On                 ; On                 ;
; Pre-Mapping Resynthesis Optimization                                       ; Off                ; Off                ;
; Analysis & Synthesis Message Level                                         ; Medium             ; Medium             ;
; Disable Register Merging Across Hierarchies                                ; Auto               ; Auto               ;
; Resource Aware Inference For Block RAM                                     ; On                 ; On                 ;
; Synthesis Seed                                                             ; 1                  ; 1                  ;
+----------------------------------------------------------------------------+--------------------+--------------------+


+------------------------------------------+
; Parallel Compilation                     ;
+----------------------------+-------------+
; Processors                 ; Number      ;
+----------------------------+-------------+
; Number detected on machine ; 4           ;
; Maximum allowed            ; 4           ;
;                            ;             ;
; Average used               ; 1.00        ;
; Maximum used               ; 4           ;
;                            ;             ;
; Usage by Processor         ; % Time Used ;
;     Processor 1            ; 100.0%      ;
;     Processors 2-4         ; < 0.1%      ;
+----------------------------+-------------+


+---------------------------------------------------------------------------------------------------------------------------------+
; Analysis & Synthesis Source Files Read                                                                                          ;
+----------------------------------+-----------------+------------------------------+-----------------------------------+---------+
; File Name with User-Entered Path ; Used in Netlist ; File Type                    ; File Name with Absolute Path      ; Library ;
+----------------------------------+-----------------+------------------------------+-----------------------------------+---------+
; alu_unit.sv                      ; yes             ; User SystemVerilog HDL File  ; U:/ece385_lab6/alu_unit.sv        ;         ;
; register_module.sv               ; yes             ; User SystemVerilog HDL File  ; U:/ece385_lab6/register_module.sv ;         ;
; Synchronizers.sv                 ; yes             ; User SystemVerilog HDL File  ; U:/ece385_lab6/Synchronizers.sv   ;         ;
; HexDriver.sv                     ; yes             ; User SystemVerilog HDL File  ; U:/ece385_lab6/HexDriver.sv       ;         ;
; tristate.sv                      ; yes             ; User SystemVerilog HDL File  ; U:/ece385_lab6/tristate.sv        ;         ;
; test_memory.sv                   ; yes             ; User SystemVerilog HDL File  ; U:/ece385_lab6/test_memory.sv     ;         ;
; SLC3_2.sv                        ; yes             ; User SystemVerilog HDL File  ; U:/ece385_lab6/SLC3_2.sv          ;         ;
; slc3.sv                          ; yes             ; User SystemVerilog HDL File  ; U:/ece385_lab6/slc3.sv            ;         ;
; memory_contents.sv               ; yes             ; User SystemVerilog HDL File  ; U:/ece385_lab6/memory_contents.sv ;         ;
; Mem2IO.sv                        ; yes             ; User SystemVerilog HDL File  ; U:/ece385_lab6/Mem2IO.sv          ;         ;
; lab6_toplevel.sv                 ; yes             ; User SystemVerilog HDL File  ; U:/ece385_lab6/lab6_toplevel.sv   ;         ;
; ISDU.sv                          ; yes             ; User SystemVerilog HDL File  ; U:/ece385_lab6/ISDU.sv            ;         ;
; mux4.sv                          ; yes             ; User SystemVerilog HDL File  ; U:/ece385_lab6/mux4.sv            ;         ;
; register.sv                      ; yes             ; User SystemVerilog HDL File  ; U:/ece385_lab6/register.sv        ;         ;
; bus.sv                           ; yes             ; User SystemVerilog HDL File  ; U:/ece385_lab6/bus.sv             ;         ;
; datapath.sv                      ; yes             ; User SystemVerilog HDL File  ; U:/ece385_lab6/datapath.sv        ;         ;
; pc_module.sv                     ; yes             ; User SystemVerilog HDL File  ; U:/ece385_lab6/pc_module.sv       ;         ;
; mdr_module.sv                    ; yes             ; User SystemVerilog HDL File  ; U:/ece385_lab6/mdr_module.sv      ;         ;
; nzp.sv                           ; yes             ; User SystemVerilog HDL File  ; U:/ece385_lab6/nzp.sv             ;         ;
+----------------------------------+-----------------+------------------------------+-----------------------------------+---------+


+---------------------------------------------------------+
; Analysis & Synthesis Resource Usage Summary             ;
+---------------------------------------------+-----------+
; Resource                                    ; Usage     ;
+---------------------------------------------+-----------+
; Estimated Total logic elements              ; 749       ;
;                                             ;           ;
; Total combinational functions               ; 684       ;
; Logic element usage by number of LUT inputs ;           ;
;     -- 4 input functions                    ; 339       ;
;     -- 3 input functions                    ; 125       ;
;     -- <=2 input functions                  ; 220       ;
;                                             ;           ;
; Logic elements by mode                      ;           ;
;     -- normal mode                          ; 639       ;
;     -- arithmetic mode                      ; 45        ;
;                                             ;           ;
; Total registers                             ; 304       ;
;     -- Dedicated logic registers            ; 304       ;
;     -- I/O registers                        ; 0         ;
;                                             ;           ;
; I/O pins                                    ; 129       ;
;                                             ;           ;
; Embedded Multiplier 9-bit elements          ; 0         ;
;                                             ;           ;
; Maximum fan-out node                        ; Clk~input ;
; Maximum fan-out                             ; 304       ;
; Total fan-out                               ; 3359      ;
; Average fan-out                             ; 2.66      ;
+---------------------------------------------+-----------+


+----------------------------------------------------------------------------------------------------------------------------------------------------------------------------------------------------------------------------------------------------------+
; Analysis & Synthesis Resource Utilization by Entity                                                                                                                                                                                                      ;
+--------------------------------------+-------------------+--------------+-------------+--------------+---------+-----------+------+--------------+----------------------------------------------------------------------------------------+--------------+
; Compilation Hierarchy Node           ; LC Combinationals ; LC Registers ; Memory Bits ; DSP Elements ; DSP 9x9 ; DSP 18x18 ; Pins ; Virtual Pins ; Full Hierarchy Name                                                                    ; Library Name ;
+--------------------------------------+-------------------+--------------+-------------+--------------+---------+-----------+------+--------------+----------------------------------------------------------------------------------------+--------------+
; |lab6_toplevel                       ; 684 (0)           ; 304 (0)      ; 0           ; 0            ; 0       ; 0         ; 129  ; 0            ; |lab6_toplevel                                                                         ; work         ;
;    |slc3:my_slc|                     ; 681 (0)           ; 285 (0)      ; 0           ; 0            ; 0       ; 0         ; 0    ; 0            ; |lab6_toplevel|slc3:my_slc                                                             ; work         ;
;       |HexDriver:hex_driver0|        ; 7 (7)             ; 0 (0)        ; 0           ; 0            ; 0       ; 0         ; 0    ; 0            ; |lab6_toplevel|slc3:my_slc|HexDriver:hex_driver0                                       ; work         ;
;       |HexDriver:hex_driver1|        ; 7 (7)             ; 0 (0)        ; 0           ; 0            ; 0       ; 0         ; 0    ; 0            ; |lab6_toplevel|slc3:my_slc|HexDriver:hex_driver1                                       ; work         ;
;       |HexDriver:hex_driver2|        ; 7 (7)             ; 0 (0)        ; 0           ; 0            ; 0       ; 0         ; 0    ; 0            ; |lab6_toplevel|slc3:my_slc|HexDriver:hex_driver2                                       ; work         ;
;       |HexDriver:hex_driver3|        ; 7 (7)             ; 0 (0)        ; 0           ; 0            ; 0       ; 0         ; 0    ; 0            ; |lab6_toplevel|slc3:my_slc|HexDriver:hex_driver3                                       ; work         ;
;       |HexDriver:hex_driver4|        ; 7 (7)             ; 0 (0)        ; 0           ; 0            ; 0       ; 0         ; 0    ; 0            ; |lab6_toplevel|slc3:my_slc|HexDriver:hex_driver4                                       ; work         ;
;       |HexDriver:hex_driver5|        ; 7 (7)             ; 0 (0)        ; 0           ; 0            ; 0       ; 0         ; 0    ; 0            ; |lab6_toplevel|slc3:my_slc|HexDriver:hex_driver5                                       ; work         ;
;       |HexDriver:hex_driver6|        ; 7 (7)             ; 0 (0)        ; 0           ; 0            ; 0       ; 0         ; 0    ; 0            ; |lab6_toplevel|slc3:my_slc|HexDriver:hex_driver6                                       ; work         ;
;       |HexDriver:hex_driver7|        ; 7 (7)             ; 0 (0)        ; 0           ; 0            ; 0       ; 0         ; 0    ; 0            ; |lab6_toplevel|slc3:my_slc|HexDriver:hex_driver7                                       ; work         ;
;       |ISDU:state_controller|        ; 46 (46)           ; 27 (27)      ; 0           ; 0            ; 0       ; 0         ; 0    ; 0            ; |lab6_toplevel|slc3:my_slc|ISDU:state_controller                                       ; work         ;
;       |Mem2IO:memory_subsystem|      ; 22 (22)           ; 16 (16)      ; 0           ; 0            ; 0       ; 0         ; 0    ; 0            ; |lab6_toplevel|slc3:my_slc|Mem2IO:memory_subsystem                                     ; work         ;
;       |datapath:d0|                  ; 556 (16)          ; 208 (0)      ; 0           ; 0            ; 0       ; 0         ; 0    ; 0            ; |lab6_toplevel|slc3:my_slc|datapath:d0                                                 ; work         ;
;          |alu_unit:alu|              ; 16 (16)           ; 0 (0)        ; 0           ; 0            ; 0       ; 0         ; 0    ; 0            ; |lab6_toplevel|slc3:my_slc|datapath:d0|alu_unit:alu                                    ; work         ;
;          |bus:BUS|                   ; 88 (88)           ; 0 (0)        ; 0           ; 0            ; 0       ; 0         ; 0    ; 0            ; |lab6_toplevel|slc3:my_slc|datapath:d0|bus:BUS                                         ; work         ;
;          |mdr_module:mdr|            ; 18 (0)            ; 16 (0)       ; 0           ; 0            ; 0       ; 0         ; 0    ; 0            ; |lab6_toplevel|slc3:my_slc|datapath:d0|mdr_module:mdr                                  ; work         ;
;             |register:mdr|           ; 18 (18)           ; 16 (16)      ; 0           ; 0            ; 0       ; 0         ; 0    ; 0            ; |lab6_toplevel|slc3:my_slc|datapath:d0|mdr_module:mdr|register:mdr                     ; work         ;
;          |mux4:addr1mux|             ; 20 (20)           ; 0 (0)        ; 0           ; 0            ; 0       ; 0         ; 0    ; 0            ; |lab6_toplevel|slc3:my_slc|datapath:d0|mux4:addr1mux                                   ; work         ;
;          |mux4:addr2mux|             ; 13 (13)           ; 0 (0)        ; 0           ; 0            ; 0       ; 0         ; 0    ; 0            ; |lab6_toplevel|slc3:my_slc|datapath:d0|mux4:addr2mux                                   ; work         ;
;          |mux4:sr2mux|               ; 94 (94)           ; 0 (0)        ; 0           ; 0            ; 0       ; 0         ; 0    ; 0            ; |lab6_toplevel|slc3:my_slc|datapath:d0|mux4:sr2mux                                     ; work         ;
;          |nzp:ben|                   ; 12 (12)           ; 4 (4)        ; 0           ; 0            ; 0       ; 0         ; 0    ; 0            ; |lab6_toplevel|slc3:my_slc|datapath:d0|nzp:ben                                         ; work         ;
;          |pc_module:pc|              ; 18 (0)            ; 16 (0)       ; 0           ; 0            ; 0       ; 0         ; 0    ; 0            ; |lab6_toplevel|slc3:my_slc|datapath:d0|pc_module:pc                                    ; work         ;
;             |register:pc|            ; 18 (18)           ; 16 (16)      ; 0           ; 0            ; 0       ; 0         ; 0    ; 0            ; |lab6_toplevel|slc3:my_slc|datapath:d0|pc_module:pc|register:pc                        ; work         ;
;          |register:ir|               ; 1 (1)             ; 16 (16)      ; 0           ; 0            ; 0       ; 0         ; 0    ; 0            ; |lab6_toplevel|slc3:my_slc|datapath:d0|register:ir                                     ; work         ;
;          |register:led|              ; 13 (13)           ; 12 (12)      ; 0           ; 0            ; 0       ; 0         ; 0    ; 0            ; |lab6_toplevel|slc3:my_slc|datapath:d0|register:led                                    ; work         ;
;          |register:mar|              ; 18 (18)           ; 16 (16)      ; 0           ; 0            ; 0       ; 0         ; 0    ; 0            ; |lab6_toplevel|slc3:my_slc|datapath:d0|register:mar                                    ; work         ;
;          |register_module:reg_file|  ; 229 (0)           ; 128 (0)      ; 0           ; 0            ; 0       ; 0         ; 0    ; 0            ; |lab6_toplevel|slc3:my_slc|datapath:d0|register_module:reg_file                        ; work         ;
;             |mux4:SR1_MUX|           ; 3 (3)             ; 0 (0)        ; 0           ; 0            ; 0       ; 0         ; 0    ; 0            ; |lab6_toplevel|slc3:my_slc|datapath:d0|register_module:reg_file|mux4:SR1_MUX           ; work         ;
;             |register_file:reg_file| ; 226 (226)         ; 128 (128)    ; 0           ; 0            ; 0       ; 0         ; 0    ; 0            ; |lab6_toplevel|slc3:my_slc|datapath:d0|register_module:reg_file|register_file:reg_file ; work         ;
;       |sync:output_sync[0]|          ; 1 (1)             ; 1 (1)        ; 0           ; 0            ; 0       ; 0         ; 0    ; 0            ; |lab6_toplevel|slc3:my_slc|sync:output_sync[0]                                         ; work         ;
;       |sync:output_sync[1]|          ; 0 (0)             ; 1 (1)        ; 0           ; 0            ; 0       ; 0         ; 0    ; 0            ; |lab6_toplevel|slc3:my_slc|sync:output_sync[1]                                         ; work         ;
;       |tristate:tr0|                 ; 0 (0)             ; 32 (32)      ; 0           ; 0            ; 0       ; 0         ; 0    ; 0            ; |lab6_toplevel|slc3:my_slc|tristate:tr0                                                ; work         ;
;    |sync:S_sync[0]|                  ; 0 (0)             ; 1 (1)        ; 0           ; 0            ; 0       ; 0         ; 0    ; 0            ; |lab6_toplevel|sync:S_sync[0]                                                          ; work         ;
;    |sync:S_sync[10]|                 ; 0 (0)             ; 1 (1)        ; 0           ; 0            ; 0       ; 0         ; 0    ; 0            ; |lab6_toplevel|sync:S_sync[10]                                                         ; work         ;
;    |sync:S_sync[11]|                 ; 0 (0)             ; 1 (1)        ; 0           ; 0            ; 0       ; 0         ; 0    ; 0            ; |lab6_toplevel|sync:S_sync[11]                                                         ; work         ;
;    |sync:S_sync[12]|                 ; 0 (0)             ; 1 (1)        ; 0           ; 0            ; 0       ; 0         ; 0    ; 0            ; |lab6_toplevel|sync:S_sync[12]                                                         ; work         ;
;    |sync:S_sync[13]|                 ; 0 (0)             ; 1 (1)        ; 0           ; 0            ; 0       ; 0         ; 0    ; 0            ; |lab6_toplevel|sync:S_sync[13]                                                         ; work         ;
;    |sync:S_sync[14]|                 ; 0 (0)             ; 1 (1)        ; 0           ; 0            ; 0       ; 0         ; 0    ; 0            ; |lab6_toplevel|sync:S_sync[14]                                                         ; work         ;
;    |sync:S_sync[15]|                 ; 0 (0)             ; 1 (1)        ; 0           ; 0            ; 0       ; 0         ; 0    ; 0            ; |lab6_toplevel|sync:S_sync[15]                                                         ; work         ;
;    |sync:S_sync[1]|                  ; 0 (0)             ; 1 (1)        ; 0           ; 0            ; 0       ; 0         ; 0    ; 0            ; |lab6_toplevel|sync:S_sync[1]                                                          ; work         ;
;    |sync:S_sync[2]|                  ; 0 (0)             ; 1 (1)        ; 0           ; 0            ; 0       ; 0         ; 0    ; 0            ; |lab6_toplevel|sync:S_sync[2]                                                          ; work         ;
;    |sync:S_sync[3]|                  ; 0 (0)             ; 1 (1)        ; 0           ; 0            ; 0       ; 0         ; 0    ; 0            ; |lab6_toplevel|sync:S_sync[3]                                                          ; work         ;
;    |sync:S_sync[4]|                  ; 0 (0)             ; 1 (1)        ; 0           ; 0            ; 0       ; 0         ; 0    ; 0            ; |lab6_toplevel|sync:S_sync[4]                                                          ; work         ;
;    |sync:S_sync[5]|                  ; 0 (0)             ; 1 (1)        ; 0           ; 0            ; 0       ; 0         ; 0    ; 0            ; |lab6_toplevel|sync:S_sync[5]                                                          ; work         ;
;    |sync:S_sync[6]|                  ; 0 (0)             ; 1 (1)        ; 0           ; 0            ; 0       ; 0         ; 0    ; 0            ; |lab6_toplevel|sync:S_sync[6]                                                          ; work         ;
;    |sync:S_sync[7]|                  ; 0 (0)             ; 1 (1)        ; 0           ; 0            ; 0       ; 0         ; 0    ; 0            ; |lab6_toplevel|sync:S_sync[7]                                                          ; work         ;
;    |sync:S_sync[8]|                  ; 0 (0)             ; 1 (1)        ; 0           ; 0            ; 0       ; 0         ; 0    ; 0            ; |lab6_toplevel|sync:S_sync[8]                                                          ; work         ;
;    |sync:S_sync[9]|                  ; 0 (0)             ; 1 (1)        ; 0           ; 0            ; 0       ; 0         ; 0    ; 0            ; |lab6_toplevel|sync:S_sync[9]                                                          ; work         ;
;    |sync:button_sync[0]|             ; 1 (1)             ; 1 (1)        ; 0           ; 0            ; 0       ; 0         ; 0    ; 0            ; |lab6_toplevel|sync:button_sync[0]                                                     ; work         ;
;    |sync:button_sync[1]|             ; 1 (1)             ; 1 (1)        ; 0           ; 0            ; 0       ; 0         ; 0    ; 0            ; |lab6_toplevel|sync:button_sync[1]                                                     ; work         ;
;    |sync:button_sync[2]|             ; 1 (1)             ; 1 (1)        ; 0           ; 0            ; 0       ; 0         ; 0    ; 0            ; |lab6_toplevel|sync:button_sync[2]                                                     ; work         ;
+--------------------------------------+-------------------+--------------+-------------+--------------+---------+-----------+------+--------------+----------------------------------------------------------------------------------------+--------------+
Note: For table entries with two numbers listed, the numbers in parentheses indicate the number of resources of the given type used by the specific entity alone. The numbers listed outside of parentheses indicate the total resources of the given type used by the specific entity and all of its sub-entities in the hierarchy.


Encoding Type:  One-Hot
+-----------------------------------------------------------------------------------------------------------------------------------------------------------------------------------------------------------------------------------------------------------------------------------------------------------------------------------------------------------------------------------------------------------+
; State Machine - |lab6_toplevel|slc3:my_slc|ISDU:state_controller|State                                                                                                                                                                                                                                                                                                                                    ;
+----------------+------------+------------+------------+------------+------------+--------------+--------------+--------------+------------+------------+------------+--------------+--------------+--------------+------------+------------+------------+------------+------------+------------+--------------+--------------+--------------+------------+----------------+----------------+--------------+
; Name           ; State.S_21 ; State.S_04 ; State.S_12 ; State.S_22 ; State.S_00 ; State.S_16_3 ; State.S_16_2 ; State.S_16_1 ; State.S_23 ; State.S_07 ; State.S_27 ; State.S_25_3 ; State.S_25_2 ; State.S_25_1 ; State.S_06 ; State.S_09 ; State.S_05 ; State.S_01 ; State.S_32 ; State.S_35 ; State.S_33_3 ; State.S_33_2 ; State.S_33_1 ; State.S_18 ; State.PauseIR2 ; State.PauseIR1 ; State.Halted ;
+----------------+------------+------------+------------+------------+------------+--------------+--------------+--------------+------------+------------+------------+--------------+--------------+--------------+------------+------------+------------+------------+------------+------------+--------------+--------------+--------------+------------+----------------+----------------+--------------+
; State.Halted   ; 0          ; 0          ; 0          ; 0          ; 0          ; 0            ; 0            ; 0            ; 0          ; 0          ; 0          ; 0            ; 0            ; 0            ; 0          ; 0          ; 0          ; 0          ; 0          ; 0          ; 0            ; 0            ; 0            ; 0          ; 0              ; 0              ; 0            ;
; State.PauseIR1 ; 0          ; 0          ; 0          ; 0          ; 0          ; 0            ; 0            ; 0            ; 0          ; 0          ; 0          ; 0            ; 0            ; 0            ; 0          ; 0          ; 0          ; 0          ; 0          ; 0          ; 0            ; 0            ; 0            ; 0          ; 0              ; 1              ; 1            ;
; State.PauseIR2 ; 0          ; 0          ; 0          ; 0          ; 0          ; 0            ; 0            ; 0            ; 0          ; 0          ; 0          ; 0            ; 0            ; 0            ; 0          ; 0          ; 0          ; 0          ; 0          ; 0          ; 0            ; 0            ; 0            ; 0          ; 1              ; 0              ; 1            ;
; State.S_18     ; 0          ; 0          ; 0          ; 0          ; 0          ; 0            ; 0            ; 0            ; 0          ; 0          ; 0          ; 0            ; 0            ; 0            ; 0          ; 0          ; 0          ; 0          ; 0          ; 0          ; 0            ; 0            ; 0            ; 1          ; 0              ; 0              ; 1            ;
; State.S_33_1   ; 0          ; 0          ; 0          ; 0          ; 0          ; 0            ; 0            ; 0            ; 0          ; 0          ; 0          ; 0            ; 0            ; 0            ; 0          ; 0          ; 0          ; 0          ; 0          ; 0          ; 0            ; 0            ; 1            ; 0          ; 0              ; 0              ; 1            ;
; State.S_33_2   ; 0          ; 0          ; 0          ; 0          ; 0          ; 0            ; 0            ; 0            ; 0          ; 0          ; 0          ; 0            ; 0            ; 0            ; 0          ; 0          ; 0          ; 0          ; 0          ; 0          ; 0            ; 1            ; 0            ; 0          ; 0              ; 0              ; 1            ;
; State.S_33_3   ; 0          ; 0          ; 0          ; 0          ; 0          ; 0            ; 0            ; 0            ; 0          ; 0          ; 0          ; 0            ; 0            ; 0            ; 0          ; 0          ; 0          ; 0          ; 0          ; 0          ; 1            ; 0            ; 0            ; 0          ; 0              ; 0              ; 1            ;
; State.S_35     ; 0          ; 0          ; 0          ; 0          ; 0          ; 0            ; 0            ; 0            ; 0          ; 0          ; 0          ; 0            ; 0            ; 0            ; 0          ; 0          ; 0          ; 0          ; 0          ; 1          ; 0            ; 0            ; 0            ; 0          ; 0              ; 0              ; 1            ;
; State.S_32     ; 0          ; 0          ; 0          ; 0          ; 0          ; 0            ; 0            ; 0            ; 0          ; 0          ; 0          ; 0            ; 0            ; 0            ; 0          ; 0          ; 0          ; 0          ; 1          ; 0          ; 0            ; 0            ; 0            ; 0          ; 0              ; 0              ; 1            ;
; State.S_01     ; 0          ; 0          ; 0          ; 0          ; 0          ; 0            ; 0            ; 0            ; 0          ; 0          ; 0          ; 0            ; 0            ; 0            ; 0          ; 0          ; 0          ; 1          ; 0          ; 0          ; 0            ; 0            ; 0            ; 0          ; 0              ; 0              ; 1            ;
; State.S_05     ; 0          ; 0          ; 0          ; 0          ; 0          ; 0            ; 0            ; 0            ; 0          ; 0          ; 0          ; 0            ; 0            ; 0            ; 0          ; 0          ; 1          ; 0          ; 0          ; 0          ; 0            ; 0            ; 0            ; 0          ; 0              ; 0              ; 1            ;
; State.S_09     ; 0          ; 0          ; 0          ; 0          ; 0          ; 0            ; 0            ; 0            ; 0          ; 0          ; 0          ; 0            ; 0            ; 0            ; 0          ; 1          ; 0          ; 0          ; 0          ; 0          ; 0            ; 0            ; 0            ; 0          ; 0              ; 0              ; 1            ;
; State.S_06     ; 0          ; 0          ; 0          ; 0          ; 0          ; 0            ; 0            ; 0            ; 0          ; 0          ; 0          ; 0            ; 0            ; 0            ; 1          ; 0          ; 0          ; 0          ; 0          ; 0          ; 0            ; 0            ; 0            ; 0          ; 0              ; 0              ; 1            ;
; State.S_25_1   ; 0          ; 0          ; 0          ; 0          ; 0          ; 0            ; 0            ; 0            ; 0          ; 0          ; 0          ; 0            ; 0            ; 1            ; 0          ; 0          ; 0          ; 0          ; 0          ; 0          ; 0            ; 0            ; 0            ; 0          ; 0              ; 0              ; 1            ;
; State.S_25_2   ; 0          ; 0          ; 0          ; 0          ; 0          ; 0            ; 0            ; 0            ; 0          ; 0          ; 0          ; 0            ; 1            ; 0            ; 0          ; 0          ; 0          ; 0          ; 0          ; 0          ; 0            ; 0            ; 0            ; 0          ; 0              ; 0              ; 1            ;
; State.S_25_3   ; 0          ; 0          ; 0          ; 0          ; 0          ; 0            ; 0            ; 0            ; 0          ; 0          ; 0          ; 1            ; 0            ; 0            ; 0          ; 0          ; 0          ; 0          ; 0          ; 0          ; 0            ; 0            ; 0            ; 0          ; 0              ; 0              ; 1            ;
; State.S_27     ; 0          ; 0          ; 0          ; 0          ; 0          ; 0            ; 0            ; 0            ; 0          ; 0          ; 1          ; 0            ; 0            ; 0            ; 0          ; 0          ; 0          ; 0          ; 0          ; 0          ; 0            ; 0            ; 0            ; 0          ; 0              ; 0              ; 1            ;
; State.S_07     ; 0          ; 0          ; 0          ; 0          ; 0          ; 0            ; 0            ; 0            ; 0          ; 1          ; 0          ; 0            ; 0            ; 0            ; 0          ; 0          ; 0          ; 0          ; 0          ; 0          ; 0            ; 0            ; 0            ; 0          ; 0              ; 0              ; 1            ;
; State.S_23     ; 0          ; 0          ; 0          ; 0          ; 0          ; 0            ; 0            ; 0            ; 1          ; 0          ; 0          ; 0            ; 0            ; 0            ; 0          ; 0          ; 0          ; 0          ; 0          ; 0          ; 0            ; 0            ; 0            ; 0          ; 0              ; 0              ; 1            ;
; State.S_16_1   ; 0          ; 0          ; 0          ; 0          ; 0          ; 0            ; 0            ; 1            ; 0          ; 0          ; 0          ; 0            ; 0            ; 0            ; 0          ; 0          ; 0          ; 0          ; 0          ; 0          ; 0            ; 0            ; 0            ; 0          ; 0              ; 0              ; 1            ;
; State.S_16_2   ; 0          ; 0          ; 0          ; 0          ; 0          ; 0            ; 1            ; 0            ; 0          ; 0          ; 0          ; 0            ; 0            ; 0            ; 0          ; 0          ; 0          ; 0          ; 0          ; 0          ; 0            ; 0            ; 0            ; 0          ; 0              ; 0              ; 1            ;
; State.S_16_3   ; 0          ; 0          ; 0          ; 0          ; 0          ; 1            ; 0            ; 0            ; 0          ; 0          ; 0          ; 0            ; 0            ; 0            ; 0          ; 0          ; 0          ; 0          ; 0          ; 0          ; 0            ; 0            ; 0            ; 0          ; 0              ; 0              ; 1            ;
; State.S_00     ; 0          ; 0          ; 0          ; 0          ; 1          ; 0            ; 0            ; 0            ; 0          ; 0          ; 0          ; 0            ; 0            ; 0            ; 0          ; 0          ; 0          ; 0          ; 0          ; 0          ; 0            ; 0            ; 0            ; 0          ; 0              ; 0              ; 1            ;
; State.S_22     ; 0          ; 0          ; 0          ; 1          ; 0          ; 0            ; 0            ; 0            ; 0          ; 0          ; 0          ; 0            ; 0            ; 0            ; 0          ; 0          ; 0          ; 0          ; 0          ; 0          ; 0            ; 0            ; 0            ; 0          ; 0              ; 0              ; 1            ;
; State.S_12     ; 0          ; 0          ; 1          ; 0          ; 0          ; 0            ; 0            ; 0            ; 0          ; 0          ; 0          ; 0            ; 0            ; 0            ; 0          ; 0          ; 0          ; 0          ; 0          ; 0          ; 0            ; 0            ; 0            ; 0          ; 0              ; 0              ; 1            ;
; State.S_04     ; 0          ; 1          ; 0          ; 0          ; 0          ; 0            ; 0            ; 0            ; 0          ; 0          ; 0          ; 0            ; 0            ; 0            ; 0          ; 0          ; 0          ; 0          ; 0          ; 0          ; 0            ; 0            ; 0            ; 0          ; 0              ; 0              ; 1            ;
; State.S_21     ; 1          ; 0          ; 0          ; 0          ; 0          ; 0            ; 0            ; 0            ; 0          ; 0          ; 0          ; 0            ; 0            ; 0            ; 0          ; 0          ; 0          ; 0          ; 0          ; 0          ; 0            ; 0            ; 0            ; 0          ; 0              ; 0              ; 1            ;
+----------------+------------+------------+------------+------------+------------+--------------+--------------+--------------+------------+------------+------------+--------------+--------------+--------------+------------+------------+------------+------------+------------+------------+--------------+--------------+--------------+------------+----------------+----------------+--------------+


+----------------------------------------------------------------+
; Registers Removed During Synthesis                             ;
+-------------------------------------------+--------------------+
; Register name                             ; Reason for Removal ;
+-------------------------------------------+--------------------+
; slc3:my_slc|ISDU:state_controller|State~2 ; Lost fanout        ;
; slc3:my_slc|ISDU:state_controller|State~3 ; Lost fanout        ;
; slc3:my_slc|ISDU:state_controller|State~4 ; Lost fanout        ;
; slc3:my_slc|ISDU:state_controller|State~5 ; Lost fanout        ;
; slc3:my_slc|ISDU:state_controller|State~6 ; Lost fanout        ;
; slc3:my_slc|ISDU:state_controller|State~7 ; Lost fanout        ;
; Total Number of Removed Registers = 6     ;                    ;
+-------------------------------------------+--------------------+


+------------------------------------------------------+
; General Register Statistics                          ;
+----------------------------------------------+-------+
; Statistic                                    ; Value ;
+----------------------------------------------+-------+
; Total registers                              ; 304   ;
; Number of registers using Synchronous Clear  ; 36    ;
; Number of registers using Synchronous Load   ; 32    ;
; Number of registers using Asynchronous Clear ; 0     ;
; Number of registers using Asynchronous Load  ; 0     ;
; Number of registers using Clock Enable       ; 222   ;
; Number of registers using Preset             ; 0     ;
+----------------------------------------------+-------+


+-----------------------------------------------------------------------------------------------------------------------------------------------------------------------------------------------------------------------+
; Multiplexer Restructuring Statistics (Restructuring Performed)                                                                                                                                                        ;
+--------------------+-----------+---------------+----------------------+------------------------+------------+---------------------------------------------------------------------------------------------------------+
; Multiplexer Inputs ; Bus Width ; Baseline Area ; Area if Restructured ; Saving if Restructured ; Registered ; Example Multiplexer Output                                                                              ;
+--------------------+-----------+---------------+----------------------+------------------------+------------+---------------------------------------------------------------------------------------------------------+
; 3:1                ; 16 bits   ; 32 LEs        ; 16 LEs               ; 16 LEs                 ; Yes        ; |lab6_toplevel|slc3:my_slc|datapath:d0|register:ir|Data_Out[4]                                          ;
; 3:1                ; 12 bits   ; 24 LEs        ; 12 LEs               ; 12 LEs                 ; Yes        ; |lab6_toplevel|slc3:my_slc|datapath:d0|register:led|Data_Out[7]                                         ;
; 3:1                ; 16 bits   ; 32 LEs        ; 16 LEs               ; 16 LEs                 ; Yes        ; |lab6_toplevel|slc3:my_slc|Mem2IO:memory_subsystem|hex_data[2]                                          ;
; 3:1                ; 16 bits   ; 32 LEs        ; 16 LEs               ; 16 LEs                 ; Yes        ; |lab6_toplevel|slc3:my_slc|datapath:d0|register:mar|Data_Out[13]                                        ;
; 3:1                ; 16 bits   ; 32 LEs        ; 16 LEs               ; 16 LEs                 ; Yes        ; |lab6_toplevel|slc3:my_slc|datapath:d0|register_module:reg_file|register_file:reg_file|reg_array[7][14] ;
; 3:1                ; 16 bits   ; 32 LEs        ; 16 LEs               ; 16 LEs                 ; Yes        ; |lab6_toplevel|slc3:my_slc|datapath:d0|register_module:reg_file|register_file:reg_file|reg_array[6][0]  ;
; 3:1                ; 16 bits   ; 32 LEs        ; 16 LEs               ; 16 LEs                 ; Yes        ; |lab6_toplevel|slc3:my_slc|datapath:d0|register_module:reg_file|register_file:reg_file|reg_array[5][14] ;
; 3:1                ; 16 bits   ; 32 LEs        ; 16 LEs               ; 16 LEs                 ; Yes        ; |lab6_toplevel|slc3:my_slc|datapath:d0|register_module:reg_file|register_file:reg_file|reg_array[4][10] ;
; 3:1                ; 16 bits   ; 32 LEs        ; 16 LEs               ; 16 LEs                 ; Yes        ; |lab6_toplevel|slc3:my_slc|datapath:d0|register_module:reg_file|register_file:reg_file|reg_array[3][10] ;
; 3:1                ; 16 bits   ; 32 LEs        ; 16 LEs               ; 16 LEs                 ; Yes        ; |lab6_toplevel|slc3:my_slc|datapath:d0|register_module:reg_file|register_file:reg_file|reg_array[2][4]  ;
; 3:1                ; 16 bits   ; 32 LEs        ; 16 LEs               ; 16 LEs                 ; Yes        ; |lab6_toplevel|slc3:my_slc|datapath:d0|register_module:reg_file|register_file:reg_file|reg_array[1][2]  ;
; 3:1                ; 16 bits   ; 32 LEs        ; 16 LEs               ; 16 LEs                 ; Yes        ; |lab6_toplevel|slc3:my_slc|datapath:d0|register_module:reg_file|register_file:reg_file|reg_array[0][7]  ;
; 4:1                ; 16 bits   ; 32 LEs        ; 32 LEs               ; 0 LEs                  ; Yes        ; |lab6_toplevel|slc3:my_slc|datapath:d0|pc_module:pc|register:pc|Data_Out[13]                            ;
; 4:1                ; 2 bits    ; 4 LEs         ; 2 LEs                ; 2 LEs                  ; Yes        ; |lab6_toplevel|slc3:my_slc|datapath:d0|nzp:ben|P                                                        ;
; 6:1                ; 16 bits   ; 64 LEs        ; 32 LEs               ; 32 LEs                 ; Yes        ; |lab6_toplevel|slc3:my_slc|datapath:d0|mdr_module:mdr|register:mdr|Data_Out[3]                          ;
; 3:1                ; 2 bits    ; 4 LEs         ; 4 LEs                ; 0 LEs                  ; No         ; |lab6_toplevel|slc3:my_slc|datapath:d0|mux4:addr2mux|Mux5                                               ;
; 8:1                ; 16 bits   ; 80 LEs        ; 80 LEs               ; 0 LEs                  ; No         ; |lab6_toplevel|slc3:my_slc|datapath:d0|register_module:reg_file|register_file:reg_file|Mux9             ;
; 9:1                ; 16 bits   ; 96 LEs        ; 96 LEs               ; 0 LEs                  ; No         ; |lab6_toplevel|slc3:my_slc|datapath:d0|mux4:sr2mux|Mux10                                                ;
; 7:1                ; 16 bits   ; 64 LEs        ; 64 LEs               ; 0 LEs                  ; No         ; |lab6_toplevel|slc3:my_slc|datapath:d0|bus:BUS|OUTPUT[8]                                                ;
+--------------------+-----------+---------------+----------------------+------------------------+------------+---------------------------------------------------------------------------------------------------------+


+-----------------------------------------------------------------------------------------------+
; Parameter Settings for User Entity Instance: slc3:my_slc|datapath:d0|pc_module:pc|register:pc ;
+----------------+-------+----------------------------------------------------------------------+
; Parameter Name ; Value ; Type                                                                 ;
+----------------+-------+----------------------------------------------------------------------+
; width          ; 16    ; Signed Integer                                                       ;
+----------------+-------+----------------------------------------------------------------------+
Note: In order to hide this table in the UI and the text report file, please set the "Show Parameter Settings in Synthesis Report" option in "Analysis and Synthesis Settings -> More Settings" to "Off".


+----------------------------------------------------------------------------------------------+
; Parameter Settings for User Entity Instance: slc3:my_slc|datapath:d0|pc_module:pc|mux4:pcmux ;
+----------------+-------+---------------------------------------------------------------------+
; Parameter Name ; Value ; Type                                                                ;
+----------------+-------+---------------------------------------------------------------------+
; width          ; 16    ; Signed Integer                                                      ;
+----------------+-------+---------------------------------------------------------------------+
Note: In order to hide this table in the UI and the text report file, please set the "Show Parameter Settings in Synthesis Report" option in "Analysis and Synthesis Settings -> More Settings" to "Off".


+-----------------------------------------------------------------------------------+
; Parameter Settings for User Entity Instance: slc3:my_slc|datapath:d0|register:mar ;
+----------------+-------+----------------------------------------------------------+
; Parameter Name ; Value ; Type                                                     ;
+----------------+-------+----------------------------------------------------------+
; width          ; 16    ; Signed Integer                                           ;
+----------------+-------+----------------------------------------------------------+
Note: In order to hide this table in the UI and the text report file, please set the "Show Parameter Settings in Synthesis Report" option in "Analysis and Synthesis Settings -> More Settings" to "Off".


+-------------------------------------------------------------------------------------------------+
; Parameter Settings for User Entity Instance: slc3:my_slc|datapath:d0|mdr_module:mdr|mux4:mdrmux ;
+----------------+-------+------------------------------------------------------------------------+
; Parameter Name ; Value ; Type                                                                   ;
+----------------+-------+------------------------------------------------------------------------+
; width          ; 16    ; Signed Integer                                                         ;
+----------------+-------+------------------------------------------------------------------------+
Note: In order to hide this table in the UI and the text report file, please set the "Show Parameter Settings in Synthesis Report" option in "Analysis and Synthesis Settings -> More Settings" to "Off".


+--------------------------------------------------------------------------------------------------+
; Parameter Settings for User Entity Instance: slc3:my_slc|datapath:d0|mdr_module:mdr|register:mdr ;
+----------------+-------+-------------------------------------------------------------------------+
; Parameter Name ; Value ; Type                                                                    ;
+----------------+-------+-------------------------------------------------------------------------+
; width          ; 16    ; Signed Integer                                                          ;
+----------------+-------+-------------------------------------------------------------------------+
Note: In order to hide this table in the UI and the text report file, please set the "Show Parameter Settings in Synthesis Report" option in "Analysis and Synthesis Settings -> More Settings" to "Off".


+----------------------------------------------------------------------------------+
; Parameter Settings for User Entity Instance: slc3:my_slc|datapath:d0|register:ir ;
+----------------+-------+---------------------------------------------------------+
; Parameter Name ; Value ; Type                                                    ;
+----------------+-------+---------------------------------------------------------+
; width          ; 16    ; Signed Integer                                          ;
+----------------+-------+---------------------------------------------------------+
Note: In order to hide this table in the UI and the text report file, please set the "Show Parameter Settings in Synthesis Report" option in "Analysis and Synthesis Settings -> More Settings" to "Off".


+-----------------------------------------------------------------------------------------------------------+
; Parameter Settings for User Entity Instance: slc3:my_slc|datapath:d0|register_module:reg_file|mux4:DR_MUX ;
+----------------+-------+----------------------------------------------------------------------------------+
; Parameter Name ; Value ; Type                                                                             ;
+----------------+-------+----------------------------------------------------------------------------------+
; width          ; 3     ; Signed Integer                                                                   ;
+----------------+-------+----------------------------------------------------------------------------------+
Note: In order to hide this table in the UI and the text report file, please set the "Show Parameter Settings in Synthesis Report" option in "Analysis and Synthesis Settings -> More Settings" to "Off".


+------------------------------------------------------------------------------------------------------------+
; Parameter Settings for User Entity Instance: slc3:my_slc|datapath:d0|register_module:reg_file|mux4:SR1_MUX ;
+----------------+-------+-----------------------------------------------------------------------------------+
; Parameter Name ; Value ; Type                                                                              ;
+----------------+-------+-----------------------------------------------------------------------------------+
; width          ; 3     ; Signed Integer                                                                    ;
+----------------+-------+-----------------------------------------------------------------------------------+
Note: In order to hide this table in the UI and the text report file, please set the "Show Parameter Settings in Synthesis Report" option in "Analysis and Synthesis Settings -> More Settings" to "Off".


+----------------------------------------------------------------------------------+
; Parameter Settings for User Entity Instance: slc3:my_slc|datapath:d0|mux4:sr2mux ;
+----------------+-------+---------------------------------------------------------+
; Parameter Name ; Value ; Type                                                    ;
+----------------+-------+---------------------------------------------------------+
; width          ; 16    ; Signed Integer                                          ;
+----------------+-------+---------------------------------------------------------+
Note: In order to hide this table in the UI and the text report file, please set the "Show Parameter Settings in Synthesis Report" option in "Analysis and Synthesis Settings -> More Settings" to "Off".


+------------------------------------------------------------------------------------+
; Parameter Settings for User Entity Instance: slc3:my_slc|datapath:d0|mux4:addr2mux ;
+----------------+-------+-----------------------------------------------------------+
; Parameter Name ; Value ; Type                                                      ;
+----------------+-------+-----------------------------------------------------------+
; width          ; 16    ; Signed Integer                                            ;
+----------------+-------+-----------------------------------------------------------+
Note: In order to hide this table in the UI and the text report file, please set the "Show Parameter Settings in Synthesis Report" option in "Analysis and Synthesis Settings -> More Settings" to "Off".


+------------------------------------------------------------------------------------+
; Parameter Settings for User Entity Instance: slc3:my_slc|datapath:d0|mux4:addr1mux ;
+----------------+-------+-----------------------------------------------------------+
; Parameter Name ; Value ; Type                                                      ;
+----------------+-------+-----------------------------------------------------------+
; width          ; 16    ; Signed Integer                                            ;
+----------------+-------+-----------------------------------------------------------+
Note: In order to hide this table in the UI and the text report file, please set the "Show Parameter Settings in Synthesis Report" option in "Analysis and Synthesis Settings -> More Settings" to "Off".


+-----------------------------------------------------------------------------------+
; Parameter Settings for User Entity Instance: slc3:my_slc|datapath:d0|register:led ;
+----------------+-------+----------------------------------------------------------+
; Parameter Name ; Value ; Type                                                     ;
+----------------+-------+----------------------------------------------------------+
; width          ; 12    ; Signed Integer                                           ;
+----------------+-------+----------------------------------------------------------+
Note: In order to hide this table in the UI and the text report file, please set the "Show Parameter Settings in Synthesis Report" option in "Analysis and Synthesis Settings -> More Settings" to "Off".


+-----------------------------------------------------------------------+
; Parameter Settings for User Entity Instance: slc3:my_slc|tristate:tr0 ;
+----------------+-------+----------------------------------------------+
; Parameter Name ; Value ; Type                                         ;
+----------------+-------+----------------------------------------------+
; N              ; 16    ; Signed Integer                               ;
+----------------+-------+----------------------------------------------+
Note: In order to hide this table in the UI and the text report file, please set the "Show Parameter Settings in Synthesis Report" option in "Analysis and Synthesis Settings -> More Settings" to "Off".


+-------------------------------------------------------------------------+
; Parameter Settings for User Entity Instance: test_memory:my_test_memory ;
+----------------+-------+------------------------------------------------+
; Parameter Name ; Value ; Type                                           ;
+----------------+-------+------------------------------------------------+
; size           ; 256   ; Signed Integer                                 ;
; init_external  ; 0     ; Signed Integer                                 ;
+----------------+-------+------------------------------------------------+
Note: In order to hide this table in the UI and the text report file, please set the "Show Parameter Settings in Synthesis Report" option in "Analysis and Synthesis Settings -> More Settings" to "Off".


+----------------------------------------------------------------------------------------------+
; Parameter Settings for User Entity Instance: test_memory:my_test_memory|memory_parser:parser ;
+----------------+-------+---------------------------------------------------------------------+
; Parameter Name ; Value ; Type                                                                ;
+----------------+-------+---------------------------------------------------------------------+
; size           ; 256   ; Signed Integer                                                      ;
+----------------+-------+---------------------------------------------------------------------+
Note: In order to hide this table in the UI and the text report file, please set the "Show Parameter Settings in Synthesis Report" option in "Analysis and Synthesis Settings -> More Settings" to "Off".


+-----------------------------------------------------------------+
; Port Connectivity Checks: "slc3:my_slc|Mem2IO:memory_subsystem" ;
+--------------+-------+----------+-------------------------------+
; Port         ; Type  ; Severity ; Details                       ;
+--------------+-------+----------+-------------------------------+
; ADDR[19..16] ; Input ; Info     ; Stuck at GND                  ;
+--------------+-------+----------+-------------------------------+


+-------------------------------------------------------------------+
; Port Connectivity Checks: "slc3:my_slc|datapath:d0|mux4:addr1mux" ;
+------+-------+----------+-----------------------------------------+
; Port ; Type  ; Severity ; Details                                 ;
+------+-------+----------+-----------------------------------------+
; d2   ; Input ; Info     ; Stuck at GND                            ;
; d3   ; Input ; Info     ; Stuck at GND                            ;
; s1   ; Input ; Info     ; Stuck at GND                            ;
+------+-------+----------+-----------------------------------------+


+-------------------------------------------------------------------+
; Port Connectivity Checks: "slc3:my_slc|datapath:d0|mux4:addr2mux" ;
+------+-------+----------+-----------------------------------------+
; Port ; Type  ; Severity ; Details                                 ;
+------+-------+----------+-----------------------------------------+
; d0   ; Input ; Info     ; Stuck at GND                            ;
+------+-------+----------+-----------------------------------------+


+-----------------------------------------------------------------+
; Port Connectivity Checks: "slc3:my_slc|datapath:d0|mux4:sr2mux" ;
+------+-------+----------+---------------------------------------+
; Port ; Type  ; Severity ; Details                               ;
+------+-------+----------+---------------------------------------+
; d2   ; Input ; Info     ; Stuck at GND                          ;
; d3   ; Input ; Info     ; Stuck at GND                          ;
; s1   ; Input ; Info     ; Stuck at GND                          ;
+------+-------+----------+---------------------------------------+


+-------------------------------------------------------------------------------------------+
; Port Connectivity Checks: "slc3:my_slc|datapath:d0|register_module:reg_file|mux4:SR1_MUX" ;
+------+-------+----------+-----------------------------------------------------------------+
; Port ; Type  ; Severity ; Details                                                         ;
+------+-------+----------+-----------------------------------------------------------------+
; d2   ; Input ; Info     ; Stuck at GND                                                    ;
; d3   ; Input ; Info     ; Stuck at GND                                                    ;
; s1   ; Input ; Info     ; Stuck at GND                                                    ;
+------+-------+----------+-----------------------------------------------------------------+


+------------------------------------------------------------------------------------------+
; Port Connectivity Checks: "slc3:my_slc|datapath:d0|register_module:reg_file|mux4:DR_MUX" ;
+------+-------+----------+----------------------------------------------------------------+
; Port ; Type  ; Severity ; Details                                                        ;
+------+-------+----------+----------------------------------------------------------------+
; d1   ; Input ; Info     ; Stuck at VCC                                                   ;
; d2   ; Input ; Info     ; Stuck at GND                                                   ;
; d3   ; Input ; Info     ; Stuck at GND                                                   ;
; s1   ; Input ; Info     ; Stuck at GND                                                   ;
+------+-------+----------+----------------------------------------------------------------+


+--------------------------------------------------------------------------------+
; Port Connectivity Checks: "slc3:my_slc|datapath:d0|mdr_module:mdr|mux4:mdrmux" ;
+------+-------+----------+------------------------------------------------------+
; Port ; Type  ; Severity ; Details                                              ;
+------+-------+----------+------------------------------------------------------+
; d2   ; Input ; Info     ; Stuck at GND                                         ;
; d3   ; Input ; Info     ; Stuck at GND                                         ;
; s1   ; Input ; Info     ; Stuck at GND                                         ;
+------+-------+----------+------------------------------------------------------+


+-----------------------------------------------------------------------------+
; Port Connectivity Checks: "slc3:my_slc|datapath:d0|pc_module:pc|mux4:pcmux" ;
+------+-------+----------+---------------------------------------------------+
; Port ; Type  ; Severity ; Details                                           ;
+------+-------+----------+---------------------------------------------------+
; d3   ; Input ; Info     ; Stuck at GND                                      ;
+------+-------+----------+---------------------------------------------------+


+---------------------------------------------------------------------------------------------------------------------+
; Port Connectivity Checks: "slc3:my_slc|datapath:d0"                                                                 ;
+-----------+--------+----------+-------------------------------------------------------------------------------------+
; Port      ; Type   ; Severity ; Details                                                                             ;
+-----------+--------+----------+-------------------------------------------------------------------------------------+
; IR[10..6] ; Output ; Info     ; Connected to dangling logic. Logic that only feeds a dangling port will be removed. ;
; IR[4..0]  ; Output ; Info     ; Connected to dangling logic. Logic that only feeds a dangling port will be removed. ;
; ALU       ; Output ; Info     ; Connected to dangling logic. Logic that only feeds a dangling port will be removed. ;
; MARMUX    ; Output ; Info     ; Connected to dangling logic. Logic that only feeds a dangling port will be removed. ;
+-----------+--------+----------+-------------------------------------------------------------------------------------+


+-----------------------------------------------------+
; Post-Synthesis Netlist Statistics for Top Partition ;
+-----------------------+-----------------------------+
; Type                  ; Count                       ;
+-----------------------+-----------------------------+
; boundary_port         ; 129                         ;
; cycloneiii_ff         ; 304                         ;
;     ENA               ; 190                         ;
;     ENA SCLR SLD      ; 32                          ;
;     SCLR              ; 4                           ;
;     plain             ; 78                          ;
; cycloneiii_io_obuf    ; 16                          ;
; cycloneiii_lcell_comb ; 694                         ;
;     arith             ; 45                          ;
;         2 data inputs ; 15                          ;
;         3 data inputs ; 30                          ;
;     normal            ; 649                         ;
;         0 data inputs ; 1                           ;
;         1 data inputs ; 14                          ;
;         2 data inputs ; 200                         ;
;         3 data inputs ; 95                          ;
;         4 data inputs ; 339                         ;
;                       ;                             ;
; Max LUT depth         ; 16.20                       ;
; Average LUT depth     ; 8.43                        ;
+-----------------------+-----------------------------+


+-------------------------------+
; Elapsed Time Per Partition    ;
+----------------+--------------+
; Partition Name ; Elapsed Time ;
+----------------+--------------+
; Top            ; 00:00:01     ;
+----------------+--------------+


+-------------------------------+
; Analysis & Synthesis Messages ;
+-------------------------------+
Info: *******************************************************************
Info: Running Quartus II 64-Bit Analysis & Synthesis
    Info: Version 15.0.2 Build 153 07/15/2015 SJ Full Version
    Info: Processing started: Thu Mar 08 15:58:34 2018
Info: Command: quartus_map --read_settings_files=on --write_settings_files=off SLC3 -c SLC3
Info (20030): Parallel compilation is enabled and will use 4 of the 4 processors detected
Info (12021): Found 0 design units, including 0 entities, in source file testbench_xortest.sv
Info (12021): Found 1 design units, including 1 entities, in source file alu_unit.sv
    Info (12023): Found entity 1: alu_unit
Info (12021): Found 2 design units, including 2 entities, in source file register_module.sv
    Info (12023): Found entity 1: register_module
    Info (12023): Found entity 2: register_file
Info (12021): Found 1 design units, including 1 entities, in source file testbench.sv
    Info (12023): Found entity 1: testbench
Info (12021): Found 3 design units, including 3 entities, in source file synchronizers.sv
    Info (12023): Found entity 1: sync
    Info (12023): Found entity 2: sync_r0
    Info (12023): Found entity 3: sync_r1
Info (12021): Found 1 design units, including 1 entities, in source file hexdriver.sv
    Info (12023): Found entity 1: HexDriver
Info (12021): Found 1 design units, including 1 entities, in source file tristate.sv
    Info (12023): Found entity 1: tristate
Info (12021): Found 1 design units, including 1 entities, in source file test_memory.sv
    Info (12023): Found entity 1: test_memory
Info (12021): Found 1 design units, including 0 entities, in source file slc3_2.sv
    Info (12022): Found design unit 1: SLC3_2 (SystemVerilog)
Info (12021): Found 1 design units, including 1 entities, in source file slc3.sv
    Info (12023): Found entity 1: slc3
Info (12021): Found 1 design units, including 1 entities, in source file memory_contents.sv
    Info (12023): Found entity 1: memory_parser
Info (12021): Found 1 design units, including 1 entities, in source file mem2io.sv
    Info (12023): Found entity 1: Mem2IO
Info (12021): Found 1 design units, including 1 entities, in source file lab6_toplevel.sv
    Info (12023): Found entity 1: lab6_toplevel
Info (12021): Found 1 design units, including 1 entities, in source file isdu.sv
    Info (12023): Found entity 1: ISDU
Info (12021): Found 1 design units, including 1 entities, in source file mux4.sv
    Info (12023): Found entity 1: mux4
Info (12021): Found 1 design units, including 1 entities, in source file register.sv
    Info (12023): Found entity 1: register
Info (12021): Found 1 design units, including 1 entities, in source file bus.sv
    Info (12023): Found entity 1: bus
Info (12021): Found 1 design units, including 1 entities, in source file datapath.sv
    Info (12023): Found entity 1: datapath
Info (12021): Found 1 design units, including 1 entities, in source file pc_module.sv
    Info (12023): Found entity 1: pc_module
Info (12021): Found 1 design units, including 1 entities, in source file mdr_module.sv
    Info (12023): Found entity 1: mdr_module
Info (12021): Found 1 design units, including 1 entities, in source file nzp.sv
    Info (12023): Found entity 1: nzp
Info (12127): Elaborating entity "lab6_toplevel" for the top level hierarchy
Info (12128): Elaborating entity "slc3" for hierarchy "slc3:my_slc"
Info (12128): Elaborating entity "HexDriver" for hierarchy "slc3:my_slc|HexDriver:hex_driver3"
Info (12128): Elaborating entity "datapath" for hierarchy "slc3:my_slc|datapath:d0"
Info (12128): Elaborating entity "bus" for hierarchy "slc3:my_slc|datapath:d0|bus:BUS"
Info (12128): Elaborating entity "pc_module" for hierarchy "slc3:my_slc|datapath:d0|pc_module:pc"
Info (12128): Elaborating entity "register" for hierarchy "slc3:my_slc|datapath:d0|pc_module:pc|register:pc"
Info (12128): Elaborating entity "mux4" for hierarchy "slc3:my_slc|datapath:d0|pc_module:pc|mux4:pcmux"
Info (12128): Elaborating entity "mdr_module" for hierarchy "slc3:my_slc|datapath:d0|mdr_module:mdr"
Info (12128): Elaborating entity "register_module" for hierarchy "slc3:my_slc|datapath:d0|register_module:reg_file"
Info (12128): Elaborating entity "mux4" for hierarchy "slc3:my_slc|datapath:d0|register_module:reg_file|mux4:DR_MUX"
Info (12128): Elaborating entity "register_file" for hierarchy "slc3:my_slc|datapath:d0|register_module:reg_file|register_file:reg_file"
Info (12128): Elaborating entity "alu_unit" for hierarchy "slc3:my_slc|datapath:d0|alu_unit:alu"
Info (12128): Elaborating entity "nzp" for hierarchy "slc3:my_slc|datapath:d0|nzp:ben"
Info (12128): Elaborating entity "register" for hierarchy "slc3:my_slc|datapath:d0|register:led"
Info (12128): Elaborating entity "Mem2IO" for hierarchy "slc3:my_slc|Mem2IO:memory_subsystem"
Info (12128): Elaborating entity "tristate" for hierarchy "slc3:my_slc|tristate:tr0"
Info (12128): Elaborating entity "ISDU" for hierarchy "slc3:my_slc|ISDU:state_controller"
Info (12128): Elaborating entity "sync" for hierarchy "slc3:my_slc|sync:output_sync[0]"
Info (12128): Elaborating entity "test_memory" for hierarchy "test_memory:my_test_memory"
Warning (10036): Verilog HDL or VHDL warning at test_memory.sv(42): object "actual_address" assigned a value but never read
Info (12128): Elaborating entity "memory_parser" for hierarchy "test_memory:my_test_memory|memory_parser:parser"
Warning (13024): Output pins are stuck at VCC or GND
    Warning (13410): Pin "CE" is stuck at GND
    Warning (13410): Pin "UB" is stuck at GND
    Warning (13410): Pin "LB" is stuck at GND
    Warning (13410): Pin "ADDR[16]" is stuck at GND
    Warning (13410): Pin "ADDR[17]" is stuck at GND
    Warning (13410): Pin "ADDR[18]" is stuck at GND
    Warning (13410): Pin "ADDR[19]" is stuck at GND
Info (286030): Timing-Driven Synthesis is running
Info (17049): 6 registers lost all their fanouts during netlist optimizations.
Info (144001): Generated suppressed messages file U:/ece385_lab6/output_files/SLC3.map.smsg
Info (16010): Generating hard_block partition "hard_block:auto_generated_inst"
    Info (16011): Adding 0 node(s), including 0 DDIO, 0 PLL, 0 transceiver and 0 LCELL
Info (21057): Implemented 895 device resources after synthesis - the final resource count might be different
    Info (21058): Implemented 20 input pins
    Info (21059): Implemented 93 output pins
    Info (21060): Implemented 16 bidirectional pins
    Info (21061): Implemented 766 logic cells
Info: Quartus II 64-Bit Analysis & Synthesis was successful. 0 errors, 9 warnings
    Info: Peak virtual memory: 698 megabytes
    Info: Processing ended: Thu Mar 08 15:58:46 2018
    Info: Elapsed time: 00:00:12
    Info: Total CPU time (on all processors): 00:00:20


+------------------------------------------+
; Analysis & Synthesis Suppressed Messages ;
+------------------------------------------+
The suppressed messages can be found in U:/ece385_lab6/output_files/SLC3.map.smsg.


