Flow report for lab7_usb
Tue Apr 17 17:19:43 2018
Quartus Prime Version 16.1.2 Build 203 01/18/2017 SJ Standard Edition


---------------------
; Table of Contents ;
---------------------
  1. Legal Notice
  2. Flow Summary
  3. Flow Settings
  4. Flow Non-Default Global Settings
  5. Flow Elapsed Time
  6. Flow OS Summary
  7. Flow Log
  8. Flow Messages
  9. Flow Suppressed Messages



----------------
; Legal Notice ;
----------------
Copyright (C) 2017  Intel Corporation. All rights reserved.
Your use of Intel Corporation's design tools, logic functions 
and other software and tools, and its AMPP partner logic 
functions, and any output files from any of the foregoing 
(including device programming or simulation files), and any 
associated documentation or information are expressly subject 
to the terms and conditions of the Intel Program License 
Subscription Agreement, the Intel Quartus Prime License Agreement,
the Intel MegaCore Function License Agreement, or other 
applicable license agreement, including, without limitation, 
that your use is for the sole purpose of programming logic 
devices manufactured by Intel and sold by Intel or its 
authorized distributors.  Please refer to the applicable 
agreement for further details.



+-------------------------------------------------------------------------------+
; Flow Summary                                                                  ;
+-----------------------------+-------------------------------------------------+
; Flow Status                 ; Flow Failed - Tue Apr 17 17:19:43 2018          ;
; Quartus Prime Version       ; 16.1.2 Build 203 01/18/2017 SJ Standard Edition ;
; Revision Name               ; lab7_usb                                        ;
; Top-level Entity Name       ; lab7_usb                                        ;
; Family                      ; Cyclone V                                       ;
; Device                      ; 5CGXFC7C7F23C8                                  ;
; Timing Models               ; Final                                           ;
; Logic utilization (in ALMs) ; N/A until Partition Merge                       ;
; Total registers             ; N/A until Partition Merge                       ;
; Total pins                  ; N/A until Partition Merge                       ;
; Total virtual pins          ; N/A until Partition Merge                       ;
; Total block memory bits     ; N/A until Partition Merge                       ;
; Total PLLs                  ; N/A until Partition Merge                       ;
; Total DLLs                  ; N/A until Partition Merge                       ;
+-----------------------------+-------------------------------------------------+


+-----------------------------------------+
; Flow Settings                           ;
+-------------------+---------------------+
; Option            ; Setting             ;
+-------------------+---------------------+
; Start date & time ; 04/17/2018 17:19:34 ;
; Main task         ; Compilation         ;
; Revision Name     ; lab7_usb            ;
+-------------------+---------------------+


+---------------------------------------------------------------------------------------------------+
; Flow Non-Default Global Settings                                                                  ;
+-----------------------+--------------------------------+---------------+-------------+------------+
; Assignment Name       ; Value                          ; Default Value ; Entity Name ; Section Id ;
+-----------------------+--------------------------------+---------------+-------------+------------+
; COMPILER_SIGNATURE_ID ; 26830023718964.152400357411676 ; --            ; --          ; --         ;
+-----------------------+--------------------------------+---------------+-------------+------------+


+----------------------------------------------------------------------------------------------------------------------------+
; Flow Elapsed Time                                                                                                          ;
+------------------------+--------------+-------------------------+---------------------+------------------------------------+
; Module Name            ; Elapsed Time ; Average Processors Used ; Peak Virtual Memory ; Total CPU Time (on all processors) ;
+------------------------+--------------+-------------------------+---------------------+------------------------------------+
; Analysis & Elaboration ; 00:00:09     ; 1.0                     ; 692 MB              ; 00:00:22                           ;
; Total                  ; 00:00:09     ; --                      ; --                  ; 00:00:22                           ;
+------------------------+--------------+-------------------------+---------------------+------------------------------------+


+--------------------------------------------------------------------------------------+
; Flow OS Summary                                                                      ;
+------------------------+------------------+------------+------------+----------------+
; Module Name            ; Machine Hostname ; OS Name    ; OS Version ; Processor type ;
+------------------------+------------------+------------+------------+----------------+
; Analysis & Elaboration ; GELIB-4E-13      ; Windows 10 ; 10.0       ; x86_64         ;
+------------------------+------------------+------------+------------+----------------+


------------
; Flow Log ;
------------
quartus_map --read_settings_files=on --write_settings_files=off lab8 -c lab7_usb --disable_all_banners --analysis_and_elaboration



